May-06 11:51:17.054 [main] DEBUG nextflow.cli.Launcher - $> nextflow run /export/home/agletdinov/work/git_projects/nextflow_projects/total_main.nf -entry taxonomy_analysis --executor slurm
May-06 11:51:17.218 [main] INFO  nextflow.cli.CmdRun - N E X T F L O W  ~  version 23.10.1
May-06 11:51:17.241 [main] DEBUG nextflow.plugin.PluginsFacade - Setting up plugin manager > mode=prod; embedded=false; plugins-dir=/export/home/agletdinov/.nextflow/plugins; core-plugins: nf-amazon@2.1.4,nf-azure@1.3.3,nf-cloudcache@0.3.0,nf-codecommit@0.1.5,nf-console@1.0.6,nf-ga4gh@1.1.0,nf-google@1.8.3,nf-tower@1.6.3,nf-wave@1.0.1
May-06 11:51:17.253 [main] INFO  o.pf4j.DefaultPluginStatusProvider - Enabled plugins: []
May-06 11:51:17.254 [main] INFO  o.pf4j.DefaultPluginStatusProvider - Disabled plugins: []
May-06 11:51:17.258 [main] INFO  org.pf4j.DefaultPluginManager - PF4J version 3.4.1 in 'deployment' mode
May-06 11:51:17.270 [main] INFO  org.pf4j.AbstractPluginManager - No plugins
May-06 11:51:17.290 [main] DEBUG nextflow.config.ConfigBuilder - Found config local: /export/home/agletdinov/work/git_projects/nextflow_projects/nextflow.config
May-06 11:51:17.291 [main] DEBUG nextflow.config.ConfigBuilder - Parsing config file: /export/home/agletdinov/work/git_projects/nextflow_projects/nextflow.config
May-06 11:51:17.316 [main] DEBUG nextflow.config.ConfigBuilder - Applying config profile: `standard`
May-06 11:51:17.982 [main] DEBUG nextflow.cli.CmdRun - Applied DSL=2 by global default
May-06 11:51:18.003 [main] INFO  nextflow.cli.CmdRun - Launching `/export/home/agletdinov/work/git_projects/nextflow_projects/total_main.nf` [big_linnaeus] DSL2 - revision: 4467283e1e
May-06 11:51:18.004 [main] DEBUG nextflow.plugin.PluginsFacade - Plugins default=[]
May-06 11:51:18.004 [main] DEBUG nextflow.plugin.PluginsFacade - Plugins resolved requirement=[]
May-06 11:51:18.016 [main] DEBUG n.secret.LocalSecretsProvider - Secrets store: /export/home/agletdinov/.nextflow/secrets/store.json
May-06 11:51:18.020 [main] DEBUG nextflow.secret.SecretsLoader - Discovered secrets providers: [nextflow.secret.LocalSecretsProvider@7b306b9f] - activable => nextflow.secret.LocalSecretsProvider@7b306b9f
May-06 11:51:18.097 [main] DEBUG nextflow.Session - Session UUID: 9dd016ca-0e7e-4397-be3a-632b192ec2d4
May-06 11:51:18.097 [main] DEBUG nextflow.Session - Run name: big_linnaeus
May-06 11:51:18.098 [main] DEBUG nextflow.Session - Executor pool size: 48
May-06 11:51:18.107 [main] DEBUG nextflow.file.FilePorter - File porter settings maxRetries=3; maxTransfers=50; pollTimeout=null
May-06 11:51:18.112 [main] DEBUG nextflow.util.ThreadPoolBuilder - Creating thread pool 'FileTransfer' minSize=10; maxSize=144; workQueue=LinkedBlockingQueue[10000]; allowCoreThreadTimeout=false
May-06 11:51:18.141 [main] DEBUG nextflow.cli.CmdRun - 
  Version: 23.10.1 build 5891
  Created: 12-01-2024 22:01 UTC (13-01-2024 01:01 MSD)
  System: Linux 5.15.0-100-generic
  Runtime: Groovy 3.0.19 on OpenJDK 64-Bit Server VM 15.0.1+9
  Encoding: UTF-8 (UTF-8)
  Process: 3718488@node07 [10.10.33.37]
  CPUs: 48 - Mem: 125.5 GB (30.4 GB) - Swap: 8 GB (5.9 GB)
May-06 11:51:18.176 [main] DEBUG nextflow.Session - Work-dir: /export/home/agletdinov/work/git_projects/nextflow_projects/work [nfs]
May-06 11:51:18.202 [main] DEBUG nextflow.executor.ExecutorFactory - Extension executors providers=[]
May-06 11:51:18.214 [main] DEBUG nextflow.Session - Observer factory: DefaultObserverFactory
May-06 11:51:18.241 [main] DEBUG nextflow.cache.CacheFactory - Using Nextflow cache factory: nextflow.cache.DefaultCacheFactory
May-06 11:51:18.254 [main] DEBUG nextflow.util.CustomThreadPool - Creating default thread pool > poolSize: 49; maxThreads: 1000
May-06 11:51:18.440 [main] DEBUG nextflow.Session - Session start
May-06 11:51:18.870 [main] DEBUG nextflow.script.ScriptRunner - > Launching execution
May-06 11:51:18.894 [main] WARN  nextflow.script.ScriptBinding - Access to undefined parameter `maxForks` -- Initialise it to a default value eg. `params.maxForks = some_value`
May-06 11:51:18.896 [main] INFO  nextflow.Nextflow - R N A S E Q - N F   P I P E L I N E
===================================
reads          : /export/home/agletdinov/work/nextflow_projects/total_seq/fastq/02_05_24/*R{1,2}*.fastq.gz
adapters       : /export/home/public/agletdinov_shared/adapters/adapters.fasta
kraken2db      : /export/home/public/agletdinov_shared/kraken2db/k2_eupathdb48
outdir         : /export/home/agletdinov/work/nextflow_projects/total_seq/results/02_05_24
maxForks       : null

May-06 11:51:20.048 [main] DEBUG nextflow.executor.ExecutorFactory - << taskConfig executor: slurm
May-06 11:51:20.048 [main] DEBUG nextflow.executor.ExecutorFactory - >> processorType: 'slurm'
May-06 11:51:20.059 [main] DEBUG nextflow.executor.Executor - [warm up] executor > slurm
May-06 11:51:20.065 [main] DEBUG n.processor.TaskPollingMonitor - Creating task monitor for executor 'slurm' > capacity: 100; pollInterval: 5s; dumpInterval: 5m 
May-06 11:51:20.067 [main] DEBUG n.processor.TaskPollingMonitor - >>> barrier register (monitor: slurm)
May-06 11:51:20.069 [main] DEBUG n.executor.AbstractGridExecutor - Creating executor 'slurm' > queue-stat-interval: 1m
May-06 11:51:20.146 [main] DEBUG nextflow.executor.ExecutorFactory - << taskConfig executor: slurm
May-06 11:51:20.146 [main] DEBUG nextflow.executor.ExecutorFactory - >> processorType: 'slurm'
May-06 11:51:20.162 [main] DEBUG nextflow.executor.ExecutorFactory - << taskConfig executor: slurm
May-06 11:51:20.162 [main] DEBUG nextflow.executor.ExecutorFactory - >> processorType: 'slurm'
May-06 11:51:20.165 [main] DEBUG nextflow.processor.TaskProcessor - Creating *combiner* operator for each param(s) at index(es): [1]
May-06 11:51:20.175 [main] DEBUG nextflow.executor.ExecutorFactory - << taskConfig executor: slurm
May-06 11:51:20.176 [main] DEBUG nextflow.executor.ExecutorFactory - >> processorType: 'slurm'
May-06 11:51:20.177 [main] DEBUG nextflow.processor.TaskProcessor - Creating *combiner* operator for each param(s) at index(es): [0]
May-06 11:51:20.184 [main] DEBUG nextflow.executor.ExecutorFactory - << taskConfig executor: slurm
May-06 11:51:20.184 [main] DEBUG nextflow.executor.ExecutorFactory - >> processorType: 'slurm'
May-06 11:51:20.186 [main] DEBUG nextflow.processor.TaskProcessor - Creating *combiner* operator for each param(s) at index(es): [1]
May-06 11:51:20.191 [main] DEBUG nextflow.executor.ExecutorFactory - << taskConfig executor: slurm
May-06 11:51:20.191 [main] DEBUG nextflow.executor.ExecutorFactory - >> processorType: 'slurm'
May-06 11:51:20.196 [main] DEBUG nextflow.executor.ExecutorFactory - << taskConfig executor: slurm
May-06 11:51:20.196 [main] DEBUG nextflow.executor.ExecutorFactory - >> processorType: 'slurm'
May-06 11:51:20.203 [main] DEBUG nextflow.executor.ExecutorFactory - << taskConfig executor: slurm
May-06 11:51:20.203 [main] DEBUG nextflow.executor.ExecutorFactory - >> processorType: 'slurm'
May-06 11:51:20.212 [main] DEBUG nextflow.executor.ExecutorFactory - << taskConfig executor: slurm
May-06 11:51:20.213 [main] DEBUG nextflow.executor.ExecutorFactory - >> processorType: 'slurm'
May-06 11:51:20.220 [main] DEBUG nextflow.executor.ExecutorFactory - << taskConfig executor: slurm
May-06 11:51:20.220 [main] DEBUG nextflow.executor.ExecutorFactory - >> processorType: 'slurm'
May-06 11:51:20.225 [main] DEBUG nextflow.executor.ExecutorFactory - << taskConfig executor: slurm
May-06 11:51:20.225 [main] DEBUG nextflow.executor.ExecutorFactory - >> processorType: 'slurm'
May-06 11:51:20.232 [main] DEBUG nextflow.executor.ExecutorFactory - << taskConfig executor: slurm
May-06 11:51:20.232 [main] DEBUG nextflow.executor.ExecutorFactory - >> processorType: 'slurm'
May-06 11:51:20.254 [main] DEBUG nextflow.executor.ExecutorFactory - << taskConfig executor: slurm
May-06 11:51:20.254 [main] DEBUG nextflow.executor.ExecutorFactory - >> processorType: 'slurm'
May-06 11:51:20.258 [main] DEBUG nextflow.Session - Workflow process names [dsl2]: FASTQC, TRIM_4_NUCL, IDENTIFY_CLADE, MEGAHIT, taxonomy_analysis:TAXONOMY_ANALYSIS:BWA_MEM_BAM_SORT_FULL_GENOME, FQ2, FQ1, MULTIQC, UNICYCLER, taxonomy_analysis:TAXONOMY_ANALYSIS:TRIM_ADAPT, BWA_MEM_BAM_SORT_FULL_GENOME, taxonomy_analysis:MULTIQC, taxonomy_analysis:TAXONOMY_ANALYSIS:BRACKEN, METAPHLAN_AGG, taxonomy_analysis:TAXONOMY_ANALYSIS:KRAKEN2, taxonomy_analysis:TAXONOMY_ANALYSIS:TRIM_4_NUCL, taxonomy_analysis:TAXONOMY_ANALYSIS:MEGAHIT, BWA_MEM_BAM_SORT, taxonomy_analysis:TAXONOMY_ANALYSIS:SAMTOOLS_CONSENSUS_LITE, METAPHLAN, BWA_INDEX, SAMTOOLS_CONSENSUS, SAMTOOLS_STATS, taxonomy_analysis:TAXONOMY_ANALYSIS:BWA_INDEX_FULL_GENOME, taxonomy_analysis:TAXONOMY_ANALYSIS:METAPHLAN, SAMTOOLS_CONSENSUS_LITE, TRIM_PRIMERS, taxonomy_analysis:TAXONOMY_ANALYSIS:SAMTOOLS_STATS, TRIM_ADAPT, KRAKEN2, RENAME_FASTA_ID, taxonomy_analysis:TAXONOMY_ANALYSIS:SAMTOOLS_INDEX, BWA_INDEX_FULL_GENOME, taxonomy_analysis:TAXONOMY_ANALYSIS:FQ1, SAMTOOLS_INDEX, BRACKEN
May-06 11:51:20.258 [main] DEBUG nextflow.Session - Igniting dataflow network (17)
May-06 11:51:20.264 [main] DEBUG nextflow.processor.TaskProcessor - Starting process > taxonomy_analysis:TAXONOMY_ANALYSIS:FQ1
May-06 11:51:20.264 [PathVisitor-1] DEBUG nextflow.file.PathVisitor - files for syntax: glob; folder: /export/home/agletdinov/work/nextflow_projects/total_seq/fastq/02_05_24/; pattern: *R{1,2}*.fastq.gz; options: [checkIfExists:true]
May-06 11:51:20.265 [main] DEBUG nextflow.processor.TaskProcessor - Starting process > taxonomy_analysis:TAXONOMY_ANALYSIS:TRIM_ADAPT
May-06 11:51:20.265 [main] DEBUG nextflow.processor.TaskProcessor - Starting process > taxonomy_analysis:TAXONOMY_ANALYSIS:TRIM_4_NUCL
May-06 11:51:20.265 [main] DEBUG nextflow.processor.TaskProcessor - Starting process > taxonomy_analysis:TAXONOMY_ANALYSIS:TRIM_4_NUCL
May-06 11:51:20.265 [main] DEBUG nextflow.processor.TaskProcessor - Starting process > taxonomy_analysis:TAXONOMY_ANALYSIS:BWA_INDEX_FULL_GENOME
May-06 11:51:20.266 [main] DEBUG nextflow.processor.TaskProcessor - Starting process > taxonomy_analysis:TAXONOMY_ANALYSIS:BWA_INDEX_FULL_GENOME
May-06 11:51:20.266 [main] DEBUG nextflow.processor.TaskProcessor - Starting process > taxonomy_analysis:TAXONOMY_ANALYSIS:BWA_MEM_BAM_SORT_FULL_GENOME
May-06 11:51:20.266 [main] DEBUG nextflow.processor.TaskProcessor - Starting process > taxonomy_analysis:TAXONOMY_ANALYSIS:BWA_MEM_BAM_SORT_FULL_GENOME
May-06 11:51:20.267 [main] DEBUG nextflow.processor.TaskProcessor - Starting process > taxonomy_analysis:TAXONOMY_ANALYSIS:SAMTOOLS_INDEX
May-06 11:51:20.267 [main] DEBUG nextflow.processor.TaskProcessor - Starting process > taxonomy_analysis:TAXONOMY_ANALYSIS:SAMTOOLS_CONSENSUS_LITE
May-06 11:51:20.268 [main] DEBUG nextflow.processor.TaskProcessor - Starting process > taxonomy_analysis:TAXONOMY_ANALYSIS:SAMTOOLS_STATS
May-06 11:51:20.268 [main] DEBUG nextflow.processor.TaskProcessor - Starting process > taxonomy_analysis:TAXONOMY_ANALYSIS:KRAKEN2
May-06 11:51:20.269 [main] DEBUG nextflow.processor.TaskProcessor - Starting process > taxonomy_analysis:TAXONOMY_ANALYSIS:BRACKEN
May-06 11:51:20.270 [main] DEBUG nextflow.processor.TaskProcessor - Starting process > taxonomy_analysis:TAXONOMY_ANALYSIS:MEGAHIT
May-06 11:51:20.270 [main] DEBUG nextflow.processor.TaskProcessor - Starting process > taxonomy_analysis:TAXONOMY_ANALYSIS:METAPHLAN
May-06 11:51:20.271 [main] DEBUG nextflow.processor.TaskProcessor - Starting process > taxonomy_analysis:MULTIQC
May-06 11:51:20.272 [main] DEBUG nextflow.script.ScriptRunner - Parsed script files:
  Script_dada2b62cb6bdef3: /export/home/agletdinov/work/git_projects/nextflow_projects/./modules/total_seq/../modules.nf
  Script_f07639bed1a18ae1: /export/home/agletdinov/work/git_projects/nextflow_projects/./modules/multiqc.nf
  Script_d80867634262c130: /export/home/agletdinov/work/git_projects/nextflow_projects/total_main.nf
  Script_8419c282105dfb5d: /export/home/agletdinov/work/git_projects/nextflow_projects/./modules/total_seq/total_modules.nf
May-06 11:51:20.273 [main] DEBUG nextflow.script.ScriptRunner - > Awaiting termination 
May-06 11:51:20.273 [main] DEBUG nextflow.Session - Session await
May-06 11:51:20.406 [Actor Thread 32] DEBUG nextflow.conda.CondaCache - mamba found local env for environment=/export/home/agletdinov/mambaforge/envs/multiqc; path=/export/home/agletdinov/mambaforge/envs/multiqc
May-06 11:51:20.406 [Actor Thread 37] DEBUG nextflow.conda.CondaCache - mamba found local env for environment=bioconda::fastp; path=/export/home/agletdinov/work/git_projects/nextflow_projects/work/conda/env-dca6929da757e10e0c2b13430d9bf94a
May-06 11:51:20.406 [Actor Thread 40] DEBUG nextflow.conda.CondaCache - mamba found local env for environment=bioconda::bwa; path=/export/home/agletdinov/work/git_projects/nextflow_projects/work/conda/env-9d43a4c5a922ffe5b869963aea5a7998
May-06 11:51:20.583 [Task submitter] DEBUG nextflow.executor.GridTaskHandler - [SLURM] submitted process taxonomy_analysis:TAXONOMY_ANALYSIS:FQ1 (FastQC on L231T0020_S6_L001) > jobId: 355; workDir: /export/home/agletdinov/work/git_projects/nextflow_projects/work/53/939c976d0b2f98d9681a06fa2db228
May-06 11:51:20.584 [Task submitter] INFO  nextflow.Session - [53/939c97] Submitted process > taxonomy_analysis:TAXONOMY_ANALYSIS:FQ1 (FastQC on L231T0020_S6_L001)
May-06 11:51:20.626 [Task submitter] DEBUG nextflow.executor.GridTaskHandler - [SLURM] submitted process taxonomy_analysis:TAXONOMY_ANALYSIS:TRIM_ADAPT (Fastp on L231T007_S2_L001) > jobId: 356; workDir: /export/home/agletdinov/work/git_projects/nextflow_projects/work/1d/b125d5770c477306df42ed4e6e5118
May-06 11:51:20.627 [Task submitter] INFO  nextflow.Session - [1d/b125d5] Submitted process > taxonomy_analysis:TAXONOMY_ANALYSIS:TRIM_ADAPT (Fastp on L231T007_S2_L001)
May-06 11:51:20.676 [Task submitter] DEBUG nextflow.executor.GridTaskHandler - [SLURM] submitted process taxonomy_analysis:TAXONOMY_ANALYSIS:FQ1 (FastQC on L231T008_S3_L001) > jobId: 357; workDir: /export/home/agletdinov/work/git_projects/nextflow_projects/work/63/07df4ea4b7f465cdbedc9858adc135
May-06 11:51:20.677 [Task submitter] INFO  nextflow.Session - [63/07df4e] Submitted process > taxonomy_analysis:TAXONOMY_ANALYSIS:FQ1 (FastQC on L231T008_S3_L001)
May-06 11:51:20.734 [Task submitter] DEBUG nextflow.executor.GridTaskHandler - [SLURM] submitted process taxonomy_analysis:TAXONOMY_ANALYSIS:BWA_INDEX_FULL_GENOME (Bwa index for cp) > jobId: 358; workDir: /export/home/agletdinov/work/git_projects/nextflow_projects/work/8a/94fe1b981a320e8490455328763d8c
May-06 11:51:20.735 [Task submitter] INFO  nextflow.Session - [8a/94fe1b] Submitted process > taxonomy_analysis:TAXONOMY_ANALYSIS:BWA_INDEX_FULL_GENOME (Bwa index for cp)
May-06 11:51:20.788 [Task submitter] DEBUG nextflow.executor.GridTaskHandler - [SLURM] submitted process taxonomy_analysis:TAXONOMY_ANALYSIS:FQ1 (FastQC on L231T0015_S4_L001) > jobId: 359; workDir: /export/home/agletdinov/work/git_projects/nextflow_projects/work/50/acd30445c1fb776bd40cc6bbe21056
May-06 11:51:20.789 [Task submitter] INFO  nextflow.Session - [50/acd304] Submitted process > taxonomy_analysis:TAXONOMY_ANALYSIS:FQ1 (FastQC on L231T0015_S4_L001)
May-06 11:51:20.819 [Task submitter] DEBUG nextflow.executor.GridTaskHandler - [SLURM] submitted process taxonomy_analysis:TAXONOMY_ANALYSIS:BWA_INDEX_FULL_GENOME (Bwa index for va) > jobId: 360; workDir: /export/home/agletdinov/work/git_projects/nextflow_projects/work/b8/39b71d04c9216cde25e39cd26fd315
May-06 11:51:20.819 [Task submitter] INFO  nextflow.Session - [b8/39b71d] Submitted process > taxonomy_analysis:TAXONOMY_ANALYSIS:BWA_INDEX_FULL_GENOME (Bwa index for va)
May-06 11:51:20.870 [Task submitter] DEBUG nextflow.executor.GridTaskHandler - [SLURM] submitted process taxonomy_analysis:TAXONOMY_ANALYSIS:TRIM_ADAPT (Fastp on L231T0020_S6_L001) > jobId: 361; workDir: /export/home/agletdinov/work/git_projects/nextflow_projects/work/0a/62185c646c451f55d760e87e276b6d
May-06 11:51:20.871 [Task submitter] INFO  nextflow.Session - [0a/62185c] Submitted process > taxonomy_analysis:TAXONOMY_ANALYSIS:TRIM_ADAPT (Fastp on L231T0020_S6_L001)
May-06 11:51:20.928 [Task submitter] DEBUG nextflow.executor.GridTaskHandler - [SLURM] submitted process taxonomy_analysis:TAXONOMY_ANALYSIS:BWA_INDEX_FULL_GENOME (Bwa index for sp) > jobId: 362; workDir: /export/home/agletdinov/work/git_projects/nextflow_projects/work/09/0df650daf802d2e4ec1b14077cb6a0
May-06 11:51:20.929 [Task submitter] INFO  nextflow.Session - [09/0df650] Submitted process > taxonomy_analysis:TAXONOMY_ANALYSIS:BWA_INDEX_FULL_GENOME (Bwa index for sp)
May-06 11:51:20.954 [Task submitter] DEBUG nextflow.executor.GridTaskHandler - [SLURM] submitted process taxonomy_analysis:TAXONOMY_ANALYSIS:TRIM_ADAPT (Fastp on L231T0015_S4_L001) > jobId: 363; workDir: /export/home/agletdinov/work/git_projects/nextflow_projects/work/7e/da835a48cbf0f02b3027e20670fe96
May-06 11:51:20.954 [Task submitter] INFO  nextflow.Session - [7e/da835a] Submitted process > taxonomy_analysis:TAXONOMY_ANALYSIS:TRIM_ADAPT (Fastp on L231T0015_S4_L001)
May-06 11:51:20.975 [Task submitter] DEBUG nextflow.executor.GridTaskHandler - [SLURM] submitted process taxonomy_analysis:TAXONOMY_ANALYSIS:FQ1 (FastQC on L231T0019_S5_L001) > jobId: 364; workDir: /export/home/agletdinov/work/git_projects/nextflow_projects/work/88/af991eb3824c8dd37db78736c15dfc
May-06 11:51:20.976 [Task submitter] INFO  nextflow.Session - [88/af991e] Submitted process > taxonomy_analysis:TAXONOMY_ANALYSIS:FQ1 (FastQC on L231T0019_S5_L001)
May-06 11:51:20.995 [Task submitter] DEBUG nextflow.executor.GridTaskHandler - [SLURM] submitted process taxonomy_analysis:TAXONOMY_ANALYSIS:FQ1 (FastQC on L231T005_S1_L001) > jobId: 365; workDir: /export/home/agletdinov/work/git_projects/nextflow_projects/work/dc/85be4348d84712e1927e9a68440ef9
May-06 11:51:20.995 [Task submitter] INFO  nextflow.Session - [dc/85be43] Submitted process > taxonomy_analysis:TAXONOMY_ANALYSIS:FQ1 (FastQC on L231T005_S1_L001)
May-06 11:51:21.097 [Task submitter] DEBUG nextflow.executor.GridTaskHandler - [SLURM] submitted process taxonomy_analysis:TAXONOMY_ANALYSIS:TRIM_ADAPT (Fastp on L231T008_S3_L001) > jobId: 366; workDir: /export/home/agletdinov/work/git_projects/nextflow_projects/work/01/fbfa73c3118ce2f869e34e06f808f6
May-06 11:51:21.097 [Task submitter] INFO  nextflow.Session - [01/fbfa73] Submitted process > taxonomy_analysis:TAXONOMY_ANALYSIS:TRIM_ADAPT (Fastp on L231T008_S3_L001)
May-06 11:51:21.120 [Task submitter] DEBUG nextflow.executor.GridTaskHandler - [SLURM] submitted process taxonomy_analysis:TAXONOMY_ANALYSIS:BWA_INDEX_FULL_GENOME (Bwa index for ec) > jobId: 367; workDir: /export/home/agletdinov/work/git_projects/nextflow_projects/work/b5/9fd197d66dba37fcfa9e30afadbbf4
May-06 11:51:21.120 [Task submitter] INFO  nextflow.Session - [b5/9fd197] Submitted process > taxonomy_analysis:TAXONOMY_ANALYSIS:BWA_INDEX_FULL_GENOME (Bwa index for ec)
May-06 11:51:21.142 [Task submitter] DEBUG nextflow.executor.GridTaskHandler - [SLURM] submitted process taxonomy_analysis:TAXONOMY_ANALYSIS:TRIM_ADAPT (Fastp on L231T005_S1_L001) > jobId: 368; workDir: /export/home/agletdinov/work/git_projects/nextflow_projects/work/ce/f78ae3a1f3563745d2ccbf69db44c5
May-06 11:51:21.142 [Task submitter] INFO  nextflow.Session - [ce/f78ae3] Submitted process > taxonomy_analysis:TAXONOMY_ANALYSIS:TRIM_ADAPT (Fastp on L231T005_S1_L001)
May-06 11:51:21.161 [Task submitter] DEBUG nextflow.executor.GridTaskHandler - [SLURM] submitted process taxonomy_analysis:TAXONOMY_ANALYSIS:TRIM_ADAPT (Fastp on L231T0019_S5_L001) > jobId: 369; workDir: /export/home/agletdinov/work/git_projects/nextflow_projects/work/86/d0014c30edf4772b2587e1222709d0
May-06 11:51:21.162 [Task submitter] INFO  nextflow.Session - [86/d0014c] Submitted process > taxonomy_analysis:TAXONOMY_ANALYSIS:TRIM_ADAPT (Fastp on L231T0019_S5_L001)
May-06 11:51:21.183 [Task submitter] DEBUG nextflow.executor.GridTaskHandler - [SLURM] submitted process taxonomy_analysis:TAXONOMY_ANALYSIS:FQ1 (FastQC on L231T007_S2_L001) > jobId: 370; workDir: /export/home/agletdinov/work/git_projects/nextflow_projects/work/c4/89aac289bb28ed11cf1446fe327c9a
May-06 11:51:21.184 [Task submitter] INFO  nextflow.Session - [c4/89aac2] Submitted process > taxonomy_analysis:TAXONOMY_ANALYSIS:FQ1 (FastQC on L231T007_S2_L001)
May-06 11:52:00.080 [Task monitor] DEBUG n.processor.TaskPollingMonitor - Task completed > TaskHandler[jobId: 356; id: 12; name: taxonomy_analysis:TAXONOMY_ANALYSIS:TRIM_ADAPT (Fastp on L231T007_S2_L001); status: COMPLETED; exit: 0; error: -; workDir: /export/home/agletdinov/work/git_projects/nextflow_projects/work/1d/b125d5770c477306df42ed4e6e5118 started: 1714985485096; exited: 2024-05-06T08:51:50.512986Z; ]
May-06 11:52:00.117 [Task monitor] DEBUG nextflow.util.ThreadPoolBuilder - Creating thread pool 'PublishDir' minSize=10; maxSize=144; workQueue=LinkedBlockingQueue[10000]; allowCoreThreadTimeout=false
May-06 11:52:00.123 [Task monitor] DEBUG n.processor.TaskPollingMonitor - Task completed > TaskHandler[jobId: 358; id: 1; name: taxonomy_analysis:TAXONOMY_ANALYSIS:BWA_INDEX_FULL_GENOME (Bwa index for cp); status: COMPLETED; exit: 0; error: -; workDir: /export/home/agletdinov/work/git_projects/nextflow_projects/work/8a/94fe1b981a320e8490455328763d8c started: 1714985485100; exited: 2024-05-06T08:51:18.336191Z; ]
May-06 11:52:00.126 [Actor Thread 44] DEBUG nextflow.conda.CondaCache - mamba found local env for environment=bioconda::cutadapt; path=/export/home/agletdinov/work/git_projects/nextflow_projects/work/conda/env-8ae3c5bb9bca6e534661f65a256fa68e
May-06 11:52:00.209 [Task submitter] DEBUG nextflow.executor.GridTaskHandler - [SLURM] submitted process taxonomy_analysis:TAXONOMY_ANALYSIS:TRIM_4_NUCL (Cutadapt on L231T007_S2_L001) > jobId: 371; workDir: /export/home/agletdinov/work/git_projects/nextflow_projects/work/ea/4ff73821c2bfbb61aa1a187d2948bc
May-06 11:52:00.210 [Task submitter] INFO  nextflow.Session - [ea/4ff738] Submitted process > taxonomy_analysis:TAXONOMY_ANALYSIS:TRIM_4_NUCL (Cutadapt on L231T007_S2_L001)
May-06 11:52:25.080 [Task monitor] DEBUG n.processor.TaskPollingMonitor - Task completed > TaskHandler[jobId: 355; id: 10; name: taxonomy_analysis:TAXONOMY_ANALYSIS:FQ1 (FastQC on L231T0020_S6_L001); status: COMPLETED; exit: 0; error: -; workDir: /export/home/agletdinov/work/git_projects/nextflow_projects/work/53/939c976d0b2f98d9681a06fa2db228 started: 1714985485077; exited: 2024-05-06T08:52:09.457815Z; ]
May-06 11:52:30.083 [Task monitor] DEBUG n.processor.TaskPollingMonitor - Task completed > TaskHandler[jobId: 362; id: 2; name: taxonomy_analysis:TAXONOMY_ANALYSIS:BWA_INDEX_FULL_GENOME (Bwa index for sp); status: COMPLETED; exit: 0; error: -; workDir: /export/home/agletdinov/work/git_projects/nextflow_projects/work/09/0df650daf802d2e4ec1b14077cb6a0 started: 1714985550081; exited: 2024-05-06T08:52:12.740138Z; ]
May-06 11:52:35.080 [Task monitor] DEBUG n.processor.TaskPollingMonitor - Task completed > TaskHandler[jobId: 357; id: 16; name: taxonomy_analysis:TAXONOMY_ANALYSIS:FQ1 (FastQC on L231T008_S3_L001); status: COMPLETED; exit: 0; error: -; workDir: /export/home/agletdinov/work/git_projects/nextflow_projects/work/63/07df4ea4b7f465cdbedc9858adc135 started: 1714985485098; exited: 2024-05-06T08:52:09.511817Z; ]
May-06 11:52:35.093 [Task monitor] DEBUG n.processor.TaskPollingMonitor - Task completed > TaskHandler[jobId: 359; id: 6; name: taxonomy_analysis:TAXONOMY_ANALYSIS:FQ1 (FastQC on L231T0015_S4_L001); status: COMPLETED; exit: 0; error: -; workDir: /export/home/agletdinov/work/git_projects/nextflow_projects/work/50/acd30445c1fb776bd40cc6bbe21056 started: 1714985520132; exited: 2024-05-06T08:52:09.465818Z; ]
May-06 11:52:35.104 [Task monitor] DEBUG n.processor.TaskPollingMonitor - Task completed > TaskHandler[jobId: 360; id: 3; name: taxonomy_analysis:TAXONOMY_ANALYSIS:BWA_INDEX_FULL_GENOME (Bwa index for va); status: COMPLETED; exit: 0; error: -; workDir: /export/home/agletdinov/work/git_projects/nextflow_projects/work/b8/39b71d04c9216cde25e39cd26fd315 started: 1714985520135; exited: 2024-05-06T08:51:53.607869Z; ]
May-06 11:53:05.086 [Task monitor] DEBUG n.processor.TaskPollingMonitor - Task completed > TaskHandler[jobId: 367; id: 4; name: taxonomy_analysis:TAXONOMY_ANALYSIS:BWA_INDEX_FULL_GENOME (Bwa index for ec); status: COMPLETED; exit: 0; error: -; workDir: /export/home/agletdinov/work/git_projects/nextflow_projects/work/b5/9fd197d66dba37fcfa9e30afadbbf4 started: 1714985585084; exited: 2024-05-06T08:52:45.134916Z; ]
May-06 11:53:10.082 [Task monitor] DEBUG n.processor.TaskPollingMonitor - Task completed > TaskHandler[jobId: 361; id: 9; name: taxonomy_analysis:TAXONOMY_ANALYSIS:TRIM_ADAPT (Fastp on L231T0020_S6_L001); status: COMPLETED; exit: 0; error: -; workDir: /export/home/agletdinov/work/git_projects/nextflow_projects/work/0a/62185c646c451f55d760e87e276b6d started: 1714985550079; exited: 2024-05-06T08:52:29.662009Z; ]
May-06 11:53:10.093 [Task monitor] DEBUG n.processor.TaskPollingMonitor - Task completed > TaskHandler[jobId: 363; id: 5; name: taxonomy_analysis:TAXONOMY_ANALYSIS:TRIM_ADAPT (Fastp on L231T0015_S4_L001); status: COMPLETED; exit: 0; error: -; workDir: /export/home/agletdinov/work/git_projects/nextflow_projects/work/7e/da835a48cbf0f02b3027e20670fe96 started: 1714985550092; exited: 2024-05-06T08:52:40.623082Z; ]
May-06 11:53:10.104 [Task monitor] DEBUG n.processor.TaskPollingMonitor - Task completed > TaskHandler[jobId: 365; id: 13; name: taxonomy_analysis:TAXONOMY_ANALYSIS:FQ1 (FastQC on L231T005_S1_L001); status: COMPLETED; exit: 0; error: -; workDir: /export/home/agletdinov/work/git_projects/nextflow_projects/work/dc/85be4348d84712e1927e9a68440ef9 started: 1714985550095; exited: 2024-05-06T08:52:47.414833Z; ]
May-06 11:53:10.139 [Task submitter] DEBUG nextflow.executor.GridTaskHandler - [SLURM] submitted process taxonomy_analysis:TAXONOMY_ANALYSIS:TRIM_4_NUCL (Cutadapt on L231T0020_S6_L001) > jobId: 372; workDir: /export/home/agletdinov/work/git_projects/nextflow_projects/work/3c/ea9cdffe1bfcb3fc2b8fd16e97ca79
May-06 11:53:10.139 [Task submitter] INFO  nextflow.Session - [3c/ea9cdf] Submitted process > taxonomy_analysis:TAXONOMY_ANALYSIS:TRIM_4_NUCL (Cutadapt on L231T0020_S6_L001)
May-06 11:53:10.244 [Task submitter] DEBUG nextflow.executor.GridTaskHandler - [SLURM] submitted process taxonomy_analysis:TAXONOMY_ANALYSIS:TRIM_4_NUCL (Cutadapt on L231T0015_S4_L001) > jobId: 373; workDir: /export/home/agletdinov/work/git_projects/nextflow_projects/work/df/3aaaed8bb7de0d5e08bccf0a9fdae7
May-06 11:53:10.244 [Task submitter] INFO  nextflow.Session - [df/3aaaed] Submitted process > taxonomy_analysis:TAXONOMY_ANALYSIS:TRIM_4_NUCL (Cutadapt on L231T0015_S4_L001)
May-06 11:53:35.084 [Task monitor] DEBUG n.processor.TaskPollingMonitor - Task completed > TaskHandler[jobId: 366; id: 15; name: taxonomy_analysis:TAXONOMY_ANALYSIS:TRIM_ADAPT (Fastp on L231T008_S3_L001); status: COMPLETED; exit: 0; error: -; workDir: /export/home/agletdinov/work/git_projects/nextflow_projects/work/01/fbfa73c3118ce2f869e34e06f808f6 started: 1714985585082; exited: 2024-05-06T08:53:06.431116Z; ]
May-06 11:53:35.101 [Task monitor] DEBUG n.processor.TaskPollingMonitor - Task completed > TaskHandler[jobId: 368; id: 11; name: taxonomy_analysis:TAXONOMY_ANALYSIS:TRIM_ADAPT (Fastp on L231T005_S1_L001); status: COMPLETED; exit: 0; error: -; workDir: /export/home/agletdinov/work/git_projects/nextflow_projects/work/ce/f78ae3a1f3563745d2ccbf69db44c5 started: 1714985585096; exited: 2024-05-06T08:53:10.388963Z; ]
May-06 11:53:35.180 [Task submitter] DEBUG nextflow.executor.GridTaskHandler - [SLURM] submitted process taxonomy_analysis:TAXONOMY_ANALYSIS:TRIM_4_NUCL (Cutadapt on L231T005_S1_L001) > jobId: 374; workDir: /export/home/agletdinov/work/git_projects/nextflow_projects/work/51/b856d956cacbbc8c72e146bd370d30
May-06 11:53:35.181 [Task submitter] INFO  nextflow.Session - [51/b856d9] Submitted process > taxonomy_analysis:TAXONOMY_ANALYSIS:TRIM_4_NUCL (Cutadapt on L231T005_S1_L001)
May-06 11:53:35.234 [Task submitter] DEBUG nextflow.executor.GridTaskHandler - [SLURM] submitted process taxonomy_analysis:TAXONOMY_ANALYSIS:TRIM_4_NUCL (Cutadapt on L231T008_S3_L001) > jobId: 375; workDir: /export/home/agletdinov/work/git_projects/nextflow_projects/work/0d/d06e8a75cbc056e6f923976a65099e
May-06 11:53:35.235 [Task submitter] INFO  nextflow.Session - [0d/d06e8a] Submitted process > taxonomy_analysis:TAXONOMY_ANALYSIS:TRIM_4_NUCL (Cutadapt on L231T008_S3_L001)
May-06 11:53:45.084 [Task monitor] DEBUG n.processor.TaskPollingMonitor - Task completed > TaskHandler[jobId: 364; id: 8; name: taxonomy_analysis:TAXONOMY_ANALYSIS:FQ1 (FastQC on L231T0019_S5_L001); status: COMPLETED; exit: 0; error: -; workDir: /export/home/agletdinov/work/git_projects/nextflow_projects/work/88/af991eb3824c8dd37db78736c15dfc started: 1714985550093; exited: 2024-05-06T08:53:05.471156Z; ]
May-06 11:54:10.085 [Task monitor] DEBUG n.processor.TaskPollingMonitor - Task completed > TaskHandler[jobId: 371; id: 17; name: taxonomy_analysis:TAXONOMY_ANALYSIS:TRIM_4_NUCL (Cutadapt on L231T007_S2_L001); status: COMPLETED; exit: 0; error: -; workDir: /export/home/agletdinov/work/git_projects/nextflow_projects/work/ea/4ff73821c2bfbb61aa1a187d2948bc started: 1714985610099; exited: 2024-05-06T08:53:30.207238Z; ]
May-06 11:54:10.112 [Task monitor] DEBUG n.processor.TaskPollingMonitor - Task completed > TaskHandler[jobId: 372; id: 18; name: taxonomy_analysis:TAXONOMY_ANALYSIS:TRIM_4_NUCL (Cutadapt on L231T0020_S6_L001); status: COMPLETED; exit: 0; error: -; workDir: /export/home/agletdinov/work/git_projects/nextflow_projects/work/3c/ea9cdffe1bfcb3fc2b8fd16e97ca79 started: 1714985610100; exited: 2024-05-06T08:53:33.729088Z; ]
May-06 11:54:10.113 [Actor Thread 44] DEBUG nextflow.conda.CondaCache - mamba found local env for environment=/export/home/agletdinov/mambaforge/envs/megahit; path=/export/home/agletdinov/mambaforge/envs/megahit
May-06 11:54:10.128 [Task monitor] DEBUG n.processor.TaskPollingMonitor - Task completed > TaskHandler[jobId: 374; id: 21; name: taxonomy_analysis:TAXONOMY_ANALYSIS:TRIM_4_NUCL (Cutadapt on L231T005_S1_L001); status: COMPLETED; exit: 0; error: -; workDir: /export/home/agletdinov/work/git_projects/nextflow_projects/work/51/b856d956cacbbc8c72e146bd370d30 started: 1714985620088; exited: 2024-05-06T08:53:47.17507Z; ]
May-06 11:54:10.130 [Actor Thread 33] DEBUG nextflow.conda.CondaCache - mamba found local env for environment=/export/home/agletdinov/mambaforge/envs/kraken2; path=/export/home/agletdinov/mambaforge/envs/kraken2
May-06 11:54:10.131 [Actor Thread 44] DEBUG nextflow.conda.CondaCache - mamba found local env for environment=bioconda::bwa bioconda::samtools; path=/export/home/agletdinov/work/git_projects/nextflow_projects/work/conda/env-cebcec85ba646e7781f852c7811ad0c5
May-06 11:54:10.138 [Task monitor] DEBUG n.processor.TaskPollingMonitor - Task completed > TaskHandler[jobId: 375; id: 20; name: taxonomy_analysis:TAXONOMY_ANALYSIS:TRIM_4_NUCL (Cutadapt on L231T008_S3_L001); status: COMPLETED; exit: 0; error: -; workDir: /export/home/agletdinov/work/git_projects/nextflow_projects/work/0d/d06e8a75cbc056e6f923976a65099e started: 1714985650136; exited: 2024-05-06T08:53:56.133829Z; ]
May-06 11:54:10.181 [Task submitter] DEBUG nextflow.executor.GridTaskHandler - [SLURM] submitted process taxonomy_analysis:TAXONOMY_ANALYSIS:BWA_MEM_BAM_SORT_FULL_GENOME (Bwa mem on L231T0020_S6_L001_4_null) > jobId: 376; workDir: /export/home/agletdinov/work/git_projects/nextflow_projects/work/1d/1b00a528a399bdbea61a9aaaed58ce
May-06 11:54:10.181 [Task submitter] INFO  nextflow.Session - [1d/1b00a5] Submitted process > taxonomy_analysis:TAXONOMY_ANALYSIS:BWA_MEM_BAM_SORT_FULL_GENOME (Bwa mem on L231T0020_S6_L001_4_null)
May-06 11:54:10.244 [Task submitter] DEBUG nextflow.executor.GridTaskHandler - [SLURM] submitted process taxonomy_analysis:TAXONOMY_ANALYSIS:BWA_MEM_BAM_SORT_FULL_GENOME (Bwa mem on L231T005_S1_L001_4_null) > jobId: 377; workDir: /export/home/agletdinov/work/git_projects/nextflow_projects/work/ed/9db4d62bff176d5b1ac80fbc02bd77
May-06 11:54:10.244 [Task submitter] INFO  nextflow.Session - [ed/9db4d6] Submitted process > taxonomy_analysis:TAXONOMY_ANALYSIS:BWA_MEM_BAM_SORT_FULL_GENOME (Bwa mem on L231T005_S1_L001_4_null)
May-06 11:54:10.431 [Task submitter] DEBUG nextflow.executor.GridTaskHandler - [SLURM] submitted process taxonomy_analysis:TAXONOMY_ANALYSIS:MEGAHIT (Megahit on L231T007_S2_L001_4) > jobId: 378; workDir: /export/home/agletdinov/work/git_projects/nextflow_projects/work/b1/e16be2a3778356cf3c8077cab896e3
May-06 11:54:10.431 [Task submitter] INFO  nextflow.Session - [b1/e16be2] Submitted process > taxonomy_analysis:TAXONOMY_ANALYSIS:MEGAHIT (Megahit on L231T007_S2_L001_4)
May-06 11:54:10.630 [Task submitter] DEBUG nextflow.executor.GridTaskHandler - [SLURM] submitted process taxonomy_analysis:TAXONOMY_ANALYSIS:MEGAHIT (Megahit on L231T0020_S6_L001_4) > jobId: 379; workDir: /export/home/agletdinov/work/git_projects/nextflow_projects/work/02/202a791b350d739c7d96c80c1e323e
May-06 11:54:10.631 [Task submitter] INFO  nextflow.Session - [02/202a79] Submitted process > taxonomy_analysis:TAXONOMY_ANALYSIS:MEGAHIT (Megahit on L231T0020_S6_L001_4)
May-06 11:54:11.105 [Task submitter] DEBUG nextflow.executor.GridTaskHandler - [SLURM] submitted process taxonomy_analysis:TAXONOMY_ANALYSIS:KRAKEN2 (Kraken2 on L231T0020_S6_L001_4) > jobId: 380; workDir: /export/home/agletdinov/work/git_projects/nextflow_projects/work/04/27b5ae9ab033671b3a0b41f660cc33
May-06 11:54:11.105 [Task submitter] INFO  nextflow.Session - [04/27b5ae] Submitted process > taxonomy_analysis:TAXONOMY_ANALYSIS:KRAKEN2 (Kraken2 on L231T0020_S6_L001_4)
May-06 11:54:11.392 [Task submitter] DEBUG nextflow.executor.GridTaskHandler - [SLURM] submitted process taxonomy_analysis:TAXONOMY_ANALYSIS:BWA_MEM_BAM_SORT_FULL_GENOME (Bwa mem on L231T0020_S6_L001_4_null) > jobId: 381; workDir: /export/home/agletdinov/work/git_projects/nextflow_projects/work/25/9ff797a980d3d91e64a9701e58e750
May-06 11:54:11.393 [Task submitter] INFO  nextflow.Session - [25/9ff797] Submitted process > taxonomy_analysis:TAXONOMY_ANALYSIS:BWA_MEM_BAM_SORT_FULL_GENOME (Bwa mem on L231T0020_S6_L001_4_null)
May-06 11:54:11.528 [Task submitter] DEBUG nextflow.executor.GridTaskHandler - [SLURM] submitted process taxonomy_analysis:TAXONOMY_ANALYSIS:BWA_MEM_BAM_SORT_FULL_GENOME (Bwa mem on L231T007_S2_L001_4_null) > jobId: 382; workDir: /export/home/agletdinov/work/git_projects/nextflow_projects/work/80/a7d94f35ebe5fce80638a84841300c
May-06 11:54:11.528 [Task submitter] INFO  nextflow.Session - [80/a7d94f] Submitted process > taxonomy_analysis:TAXONOMY_ANALYSIS:BWA_MEM_BAM_SORT_FULL_GENOME (Bwa mem on L231T007_S2_L001_4_null)
May-06 11:54:11.586 [Task submitter] DEBUG nextflow.executor.GridTaskHandler - [SLURM] submitted process taxonomy_analysis:TAXONOMY_ANALYSIS:BWA_MEM_BAM_SORT_FULL_GENOME (Bwa mem on L231T007_S2_L001_4_null) > jobId: 383; workDir: /export/home/agletdinov/work/git_projects/nextflow_projects/work/90/cd32e626b933055d085351412987fb
May-06 11:54:11.587 [Task submitter] INFO  nextflow.Session - [90/cd32e6] Submitted process > taxonomy_analysis:TAXONOMY_ANALYSIS:BWA_MEM_BAM_SORT_FULL_GENOME (Bwa mem on L231T007_S2_L001_4_null)
May-06 11:54:11.638 [Task submitter] DEBUG nextflow.executor.GridTaskHandler - [SLURM] submitted process taxonomy_analysis:TAXONOMY_ANALYSIS:BWA_MEM_BAM_SORT_FULL_GENOME (Bwa mem on L231T007_S2_L001_4_null) > jobId: 384; workDir: /export/home/agletdinov/work/git_projects/nextflow_projects/work/b4/deb85e3aece28ff6ac27af6b627e38
May-06 11:54:11.638 [Task submitter] INFO  nextflow.Session - [b4/deb85e] Submitted process > taxonomy_analysis:TAXONOMY_ANALYSIS:BWA_MEM_BAM_SORT_FULL_GENOME (Bwa mem on L231T007_S2_L001_4_null)
May-06 11:54:11.876 [Task submitter] DEBUG nextflow.executor.GridTaskHandler - [SLURM] submitted process taxonomy_analysis:TAXONOMY_ANALYSIS:BWA_MEM_BAM_SORT_FULL_GENOME (Bwa mem on L231T005_S1_L001_4_null) > jobId: 385; workDir: /export/home/agletdinov/work/git_projects/nextflow_projects/work/9e/ee76c13d31649d15be40f714958d26
May-06 11:54:11.876 [Task submitter] INFO  nextflow.Session - [9e/ee76c1] Submitted process > taxonomy_analysis:TAXONOMY_ANALYSIS:BWA_MEM_BAM_SORT_FULL_GENOME (Bwa mem on L231T005_S1_L001_4_null)
May-06 11:54:12.024 [Task submitter] DEBUG nextflow.executor.GridTaskHandler - [SLURM] submitted process taxonomy_analysis:TAXONOMY_ANALYSIS:MEGAHIT (Megahit on L231T005_S1_L001_4) > jobId: 386; workDir: /export/home/agletdinov/work/git_projects/nextflow_projects/work/00/2065c8bffd77db6fe5cf74b065896a
May-06 11:54:12.024 [Task submitter] INFO  nextflow.Session - [00/2065c8] Submitted process > taxonomy_analysis:TAXONOMY_ANALYSIS:MEGAHIT (Megahit on L231T005_S1_L001_4)
May-06 11:54:12.268 [Task submitter] DEBUG nextflow.executor.GridTaskHandler - [SLURM] submitted process taxonomy_analysis:TAXONOMY_ANALYSIS:BWA_MEM_BAM_SORT_FULL_GENOME (Bwa mem on L231T0020_S6_L001_4_null) > jobId: 387; workDir: /export/home/agletdinov/work/git_projects/nextflow_projects/work/30/3e9e2f1b763f63cc02978a9072f3c4
May-06 11:54:12.269 [Task submitter] INFO  nextflow.Session - [30/3e9e2f] Submitted process > taxonomy_analysis:TAXONOMY_ANALYSIS:BWA_MEM_BAM_SORT_FULL_GENOME (Bwa mem on L231T0020_S6_L001_4_null)
May-06 11:54:12.600 [Task submitter] DEBUG nextflow.executor.GridTaskHandler - [SLURM] submitted process taxonomy_analysis:TAXONOMY_ANALYSIS:BWA_MEM_BAM_SORT_FULL_GENOME (Bwa mem on L231T005_S1_L001_4_null) > jobId: 388; workDir: /export/home/agletdinov/work/git_projects/nextflow_projects/work/49/a50c6770b593ac2816511d995cd1a7
May-06 11:54:12.600 [Task submitter] INFO  nextflow.Session - [49/a50c67] Submitted process > taxonomy_analysis:TAXONOMY_ANALYSIS:BWA_MEM_BAM_SORT_FULL_GENOME (Bwa mem on L231T005_S1_L001_4_null)
May-06 11:54:12.895 [Task submitter] DEBUG nextflow.executor.GridTaskHandler - [SLURM] submitted process taxonomy_analysis:TAXONOMY_ANALYSIS:BWA_MEM_BAM_SORT_FULL_GENOME (Bwa mem on L231T008_S3_L001_4_null) > jobId: 389; workDir: /export/home/agletdinov/work/git_projects/nextflow_projects/work/7f/fef1942e9aad028a082ee05a18220d
May-06 11:54:12.896 [Task submitter] INFO  nextflow.Session - [7f/fef194] Submitted process > taxonomy_analysis:TAXONOMY_ANALYSIS:BWA_MEM_BAM_SORT_FULL_GENOME (Bwa mem on L231T008_S3_L001_4_null)
May-06 11:54:13.068 [Task submitter] DEBUG nextflow.executor.GridTaskHandler - [SLURM] submitted process taxonomy_analysis:TAXONOMY_ANALYSIS:BWA_MEM_BAM_SORT_FULL_GENOME (Bwa mem on L231T008_S3_L001_4_null) > jobId: 390; workDir: /export/home/agletdinov/work/git_projects/nextflow_projects/work/29/5df0e63af127dd1218bbb300ef49fe
May-06 11:54:13.069 [Task submitter] INFO  nextflow.Session - [29/5df0e6] Submitted process > taxonomy_analysis:TAXONOMY_ANALYSIS:BWA_MEM_BAM_SORT_FULL_GENOME (Bwa mem on L231T008_S3_L001_4_null)
May-06 11:54:13.148 [Task submitter] DEBUG nextflow.executor.GridTaskHandler - [SLURM] submitted process taxonomy_analysis:TAXONOMY_ANALYSIS:BWA_MEM_BAM_SORT_FULL_GENOME (Bwa mem on L231T0020_S6_L001_4_null) > jobId: 391; workDir: /export/home/agletdinov/work/git_projects/nextflow_projects/work/65/843fc9e1f765ddae5d14c79d8c0734
May-06 11:54:13.148 [Task submitter] INFO  nextflow.Session - [65/843fc9] Submitted process > taxonomy_analysis:TAXONOMY_ANALYSIS:BWA_MEM_BAM_SORT_FULL_GENOME (Bwa mem on L231T0020_S6_L001_4_null)
May-06 11:54:13.183 [Task submitter] DEBUG nextflow.executor.GridTaskHandler - [SLURM] submitted process taxonomy_analysis:TAXONOMY_ANALYSIS:BWA_MEM_BAM_SORT_FULL_GENOME (Bwa mem on L231T008_S3_L001_4_null) > jobId: 392; workDir: /export/home/agletdinov/work/git_projects/nextflow_projects/work/a7/f98c194508f81a770249d18edfc861
May-06 11:54:13.183 [Task submitter] INFO  nextflow.Session - [a7/f98c19] Submitted process > taxonomy_analysis:TAXONOMY_ANALYSIS:BWA_MEM_BAM_SORT_FULL_GENOME (Bwa mem on L231T008_S3_L001_4_null)
May-06 11:54:13.205 [Task submitter] DEBUG nextflow.executor.GridTaskHandler - [SLURM] submitted process taxonomy_analysis:TAXONOMY_ANALYSIS:BWA_MEM_BAM_SORT_FULL_GENOME (Bwa mem on L231T008_S3_L001_4_null) > jobId: 393; workDir: /export/home/agletdinov/work/git_projects/nextflow_projects/work/6f/dff8ae772ceea87064a72643f03772
May-06 11:54:13.205 [Task submitter] INFO  nextflow.Session - [6f/dff8ae] Submitted process > taxonomy_analysis:TAXONOMY_ANALYSIS:BWA_MEM_BAM_SORT_FULL_GENOME (Bwa mem on L231T008_S3_L001_4_null)
May-06 11:54:13.228 [Task submitter] DEBUG nextflow.executor.GridTaskHandler - [SLURM] submitted process taxonomy_analysis:TAXONOMY_ANALYSIS:BWA_MEM_BAM_SORT_FULL_GENOME (Bwa mem on L231T005_S1_L001_4_null) > jobId: 394; workDir: /export/home/agletdinov/work/git_projects/nextflow_projects/work/a6/5399f44a747c9bd380067ac757e1df
May-06 11:54:13.228 [Task submitter] INFO  nextflow.Session - [a6/5399f4] Submitted process > taxonomy_analysis:TAXONOMY_ANALYSIS:BWA_MEM_BAM_SORT_FULL_GENOME (Bwa mem on L231T005_S1_L001_4_null)
May-06 11:54:13.249 [Task submitter] DEBUG nextflow.executor.GridTaskHandler - [SLURM] submitted process taxonomy_analysis:TAXONOMY_ANALYSIS:BWA_MEM_BAM_SORT_FULL_GENOME (Bwa mem on L231T007_S2_L001_4_null) > jobId: 395; workDir: /export/home/agletdinov/work/git_projects/nextflow_projects/work/6f/406dc82f75b6c3b22d52a7f6d0770a
May-06 11:54:13.250 [Task submitter] INFO  nextflow.Session - [6f/406dc8] Submitted process > taxonomy_analysis:TAXONOMY_ANALYSIS:BWA_MEM_BAM_SORT_FULL_GENOME (Bwa mem on L231T007_S2_L001_4_null)
May-06 11:54:13.403 [Task submitter] DEBUG nextflow.executor.GridTaskHandler - [SLURM] submitted process taxonomy_analysis:TAXONOMY_ANALYSIS:MEGAHIT (Megahit on L231T008_S3_L001_4) > jobId: 396; workDir: /export/home/agletdinov/work/git_projects/nextflow_projects/work/0f/780dd747bd822a9122ca25ecda8c31
May-06 11:54:13.403 [Task submitter] INFO  nextflow.Session - [0f/780dd7] Submitted process > taxonomy_analysis:TAXONOMY_ANALYSIS:MEGAHIT (Megahit on L231T008_S3_L001_4)
May-06 11:54:20.086 [Task monitor] DEBUG n.processor.TaskPollingMonitor - Task completed > TaskHandler[jobId: 370; id: 14; name: taxonomy_analysis:TAXONOMY_ANALYSIS:FQ1 (FastQC on L231T007_S2_L001); status: COMPLETED; exit: 0; error: -; workDir: /export/home/agletdinov/work/git_projects/nextflow_projects/work/c4/89aac289bb28ed11cf1446fe327c9a started: 1714985610096; exited: 2024-05-06T08:53:53.623833Z; ]
May-06 11:54:20.123 [Task monitor] DEBUG n.processor.TaskPollingMonitor - Task completed > TaskHandler[jobId: 373; id: 19; name: taxonomy_analysis:TAXONOMY_ANALYSIS:TRIM_4_NUCL (Cutadapt on L231T0015_S4_L001); status: COMPLETED; exit: 0; error: -; workDir: /export/home/agletdinov/work/git_projects/nextflow_projects/work/df/3aaaed8bb7de0d5e08bccf0a9fdae7 started: 1714985625112; exited: 2024-05-06T08:53:50.152965Z; ]
May-06 11:54:21.285 [Task submitter] DEBUG nextflow.executor.GridTaskHandler - [SLURM] submitted process taxonomy_analysis:TAXONOMY_ANALYSIS:MEGAHIT (Megahit on L231T0015_S4_L001_4) > jobId: 397; workDir: /export/home/agletdinov/work/git_projects/nextflow_projects/work/e3/e76c31bd5021600843aefaeb74d10f
May-06 11:54:21.286 [Task submitter] INFO  nextflow.Session - [e3/e76c31] Submitted process > taxonomy_analysis:TAXONOMY_ANALYSIS:MEGAHIT (Megahit on L231T0015_S4_L001_4)
May-06 11:54:21.361 [Task submitter] DEBUG nextflow.executor.GridTaskHandler - [SLURM] submitted process taxonomy_analysis:TAXONOMY_ANALYSIS:BWA_MEM_BAM_SORT_FULL_GENOME (Bwa mem on L231T0015_S4_L001_4_null) > jobId: 398; workDir: /export/home/agletdinov/work/git_projects/nextflow_projects/work/0b/1e0dcff46c5214c7a72c110c7a69f8
May-06 11:54:21.361 [Task submitter] INFO  nextflow.Session - [0b/1e0dcf] Submitted process > taxonomy_analysis:TAXONOMY_ANALYSIS:BWA_MEM_BAM_SORT_FULL_GENOME (Bwa mem on L231T0015_S4_L001_4_null)
May-06 11:54:21.398 [Task submitter] DEBUG nextflow.executor.GridTaskHandler - [SLURM] submitted process taxonomy_analysis:TAXONOMY_ANALYSIS:BWA_MEM_BAM_SORT_FULL_GENOME (Bwa mem on L231T0015_S4_L001_4_null) > jobId: 399; workDir: /export/home/agletdinov/work/git_projects/nextflow_projects/work/6c/ca14d0e3c2549ece2c997105b28c6e
May-06 11:54:21.398 [Task submitter] INFO  nextflow.Session - [6c/ca14d0] Submitted process > taxonomy_analysis:TAXONOMY_ANALYSIS:BWA_MEM_BAM_SORT_FULL_GENOME (Bwa mem on L231T0015_S4_L001_4_null)
May-06 11:54:21.416 [Task submitter] DEBUG nextflow.executor.GridTaskHandler - [SLURM] submitted process taxonomy_analysis:TAXONOMY_ANALYSIS:BWA_MEM_BAM_SORT_FULL_GENOME (Bwa mem on L231T0015_S4_L001_4_null) > jobId: 400; workDir: /export/home/agletdinov/work/git_projects/nextflow_projects/work/2f/9d1ebde92797cd969a020ffc14d50b
May-06 11:54:21.417 [Task submitter] INFO  nextflow.Session - [2f/9d1ebd] Submitted process > taxonomy_analysis:TAXONOMY_ANALYSIS:BWA_MEM_BAM_SORT_FULL_GENOME (Bwa mem on L231T0015_S4_L001_4_null)
May-06 11:54:21.435 [Task submitter] DEBUG nextflow.executor.GridTaskHandler - [SLURM] submitted process taxonomy_analysis:TAXONOMY_ANALYSIS:BWA_MEM_BAM_SORT_FULL_GENOME (Bwa mem on L231T0015_S4_L001_4_null) > jobId: 401; workDir: /export/home/agletdinov/work/git_projects/nextflow_projects/work/3a/c43d9f4e161d850c9a13c167d4b508
May-06 11:54:21.435 [Task submitter] INFO  nextflow.Session - [3a/c43d9f] Submitted process > taxonomy_analysis:TAXONOMY_ANALYSIS:BWA_MEM_BAM_SORT_FULL_GENOME (Bwa mem on L231T0015_S4_L001_4_null)
May-06 11:54:40.085 [Task monitor] DEBUG n.processor.TaskPollingMonitor - Task completed > TaskHandler[jobId: 369; id: 7; name: taxonomy_analysis:TAXONOMY_ANALYSIS:TRIM_ADAPT (Fastp on L231T0019_S5_L001); status: COMPLETED; exit: 0; error: -; workDir: /export/home/agletdinov/work/git_projects/nextflow_projects/work/86/d0014c30edf4772b2587e1222709d0 started: 1714985585097; exited: 2024-05-06T08:53:31.086182Z; ]
May-06 11:54:41.399 [Task submitter] DEBUG nextflow.executor.GridTaskHandler - [SLURM] submitted process taxonomy_analysis:TAXONOMY_ANALYSIS:TRIM_4_NUCL (Cutadapt on L231T0019_S5_L001) > jobId: 402; workDir: /export/home/agletdinov/work/git_projects/nextflow_projects/work/e7/2af0b0a462737c43eaaa7662b10576
May-06 11:54:41.400 [Task submitter] INFO  nextflow.Session - [e7/2af0b0] Submitted process > taxonomy_analysis:TAXONOMY_ANALYSIS:TRIM_4_NUCL (Cutadapt on L231T0019_S5_L001)
May-06 11:55:50.087 [Task monitor] DEBUG n.processor.TaskPollingMonitor - Task completed > TaskHandler[jobId: 376; id: 31; name: taxonomy_analysis:TAXONOMY_ANALYSIS:BWA_MEM_BAM_SORT_FULL_GENOME (Bwa mem on L231T0020_S6_L001_4_null); status: COMPLETED; exit: 0; error: -; workDir: /export/home/agletdinov/work/git_projects/nextflow_projects/work/1d/1b00a528a399bdbea61a9aaaed58ce started: 1714985655084; exited: 2024-05-06T08:55:32.970083Z; ]
May-06 11:55:50.099 [Actor Thread 29] DEBUG nextflow.conda.CondaCache - mamba found local env for environment=bioconda::samtools; path=/export/home/agletdinov/work/git_projects/nextflow_projects/work/conda/env-d886792ff01fc93672c370108071bc30
May-06 11:55:50.100 [Task monitor] DEBUG n.processor.TaskPollingMonitor - Task completed > TaskHandler[jobId: 377; id: 38; name: taxonomy_analysis:TAXONOMY_ANALYSIS:BWA_MEM_BAM_SORT_FULL_GENOME (Bwa mem on L231T005_S1_L001_4_null); status: COMPLETED; exit: 0; error: -; workDir: /export/home/agletdinov/work/git_projects/nextflow_projects/work/ed/9db4d62bff176d5b1ac80fbc02bd77 started: 1714985655086; exited: 2024-05-06T08:55:12.212862Z; ]
May-06 11:55:51.359 [Task submitter] DEBUG nextflow.executor.GridTaskHandler - [SLURM] submitted process taxonomy_analysis:TAXONOMY_ANALYSIS:SAMTOOLS_INDEX (Samtools index on L231T005_S1_L001_4_va) > jobId: 403; workDir: /export/home/agletdinov/work/git_projects/nextflow_projects/work/0f/dc543862c0e823d678a65eb4135ed8
May-06 11:55:51.359 [Task submitter] INFO  nextflow.Session - [0f/dc5438] Submitted process > taxonomy_analysis:TAXONOMY_ANALYSIS:SAMTOOLS_INDEX (Samtools index on L231T005_S1_L001_4_va)
May-06 11:55:51.413 [Task submitter] DEBUG nextflow.executor.GridTaskHandler - [SLURM] submitted process taxonomy_analysis:TAXONOMY_ANALYSIS:SAMTOOLS_STATS (Samtools stats on L231T0020_S6_L001_4_sp) > jobId: 404; workDir: /export/home/agletdinov/work/git_projects/nextflow_projects/work/24/00304d2fe3df6d91c691b4a618525a
May-06 11:55:51.414 [Task submitter] INFO  nextflow.Session - [24/00304d] Submitted process > taxonomy_analysis:TAXONOMY_ANALYSIS:SAMTOOLS_STATS (Samtools stats on L231T0020_S6_L001_4_sp)
May-06 11:55:51.457 [Task submitter] DEBUG nextflow.executor.GridTaskHandler - [SLURM] submitted process taxonomy_analysis:TAXONOMY_ANALYSIS:SAMTOOLS_CONSENSUS_LITE (Samtools consensus on L231T0020_S6_L001_4_sp) > jobId: 405; workDir: /export/home/agletdinov/work/git_projects/nextflow_projects/work/cb/95b5adf9625dee33a48744b68ab19c
May-06 11:55:51.457 [Task submitter] INFO  nextflow.Session - [cb/95b5ad] Submitted process > taxonomy_analysis:TAXONOMY_ANALYSIS:SAMTOOLS_CONSENSUS_LITE (Samtools consensus on L231T0020_S6_L001_4_sp)
May-06 11:55:51.637 [Task submitter] DEBUG nextflow.executor.GridTaskHandler - [SLURM] submitted process taxonomy_analysis:TAXONOMY_ANALYSIS:SAMTOOLS_STATS (Samtools stats on L231T005_S1_L001_4_va) > jobId: 406; workDir: /export/home/agletdinov/work/git_projects/nextflow_projects/work/13/bcdecd766e935ed3eacf62f67e3b0c
May-06 11:55:51.637 [Task submitter] INFO  nextflow.Session - [13/bcdecd] Submitted process > taxonomy_analysis:TAXONOMY_ANALYSIS:SAMTOOLS_STATS (Samtools stats on L231T005_S1_L001_4_va)
May-06 11:55:51.678 [Task submitter] DEBUG nextflow.executor.GridTaskHandler - [SLURM] submitted process taxonomy_analysis:TAXONOMY_ANALYSIS:SAMTOOLS_CONSENSUS_LITE (Samtools consensus on L231T005_S1_L001_4_va) > jobId: 407; workDir: /export/home/agletdinov/work/git_projects/nextflow_projects/work/69/2ee2484fedd4cd2284f253d8e141bc
May-06 11:55:51.679 [Task submitter] INFO  nextflow.Session - [69/2ee248] Submitted process > taxonomy_analysis:TAXONOMY_ANALYSIS:SAMTOOLS_CONSENSUS_LITE (Samtools consensus on L231T005_S1_L001_4_va)
May-06 11:55:51.737 [Task submitter] DEBUG nextflow.executor.GridTaskHandler - [SLURM] submitted process taxonomy_analysis:TAXONOMY_ANALYSIS:SAMTOOLS_INDEX (Samtools index on L231T0020_S6_L001_4_sp) > jobId: 408; workDir: /export/home/agletdinov/work/git_projects/nextflow_projects/work/8b/3e07f92e2f36e99e7c6eef28560e2d
May-06 11:55:51.737 [Task submitter] INFO  nextflow.Session - [8b/3e07f9] Submitted process > taxonomy_analysis:TAXONOMY_ANALYSIS:SAMTOOLS_INDEX (Samtools index on L231T0020_S6_L001_4_sp)
May-06 11:56:25.087 [Task monitor] DEBUG n.processor.TaskPollingMonitor - !! executor slurm > tasks to be completed: 31 -- submitted tasks are shown below
~> TaskHandler[jobId: 378; id: 23; name: taxonomy_analysis:TAXONOMY_ANALYSIS:MEGAHIT (Megahit on L231T007_S2_L001_4); status: RUNNING; exit: -; error: -; workDir: /export/home/agletdinov/work/git_projects/nextflow_projects/work/b1/e16be2a3778356cf3c8077cab896e3 started: 1714985655088; exited: -; ]
~> TaskHandler[jobId: 379; id: 28; name: taxonomy_analysis:TAXONOMY_ANALYSIS:MEGAHIT (Megahit on L231T0020_S6_L001_4); status: RUNNING; exit: -; error: -; workDir: /export/home/agletdinov/work/git_projects/nextflow_projects/work/02/202a791b350d739c7d96c80c1e323e started: 1714985655090; exited: -; ]
~> TaskHandler[jobId: 380; id: 29; name: taxonomy_analysis:TAXONOMY_ANALYSIS:KRAKEN2 (Kraken2 on L231T0020_S6_L001_4); status: RUNNING; exit: -; error: -; workDir: /export/home/agletdinov/work/git_projects/nextflow_projects/work/04/27b5ae9ab033671b3a0b41f660cc33 started: 1714985735085; exited: -; ]
~> TaskHandler[jobId: 381; id: 30; name: taxonomy_analysis:TAXONOMY_ANALYSIS:BWA_MEM_BAM_SORT_FULL_GENOME (Bwa mem on L231T0020_S6_L001_4_null); status: RUNNING; exit: -; error: -; workDir: /export/home/agletdinov/work/git_projects/nextflow_projects/work/25/9ff797a980d3d91e64a9701e58e750 started: 1714985750104; exited: -; ]
~> TaskHandler[jobId: 382; id: 26; name: taxonomy_analysis:TAXONOMY_ANALYSIS:BWA_MEM_BAM_SORT_FULL_GENOME (Bwa mem on L231T007_S2_L001_4_null); status: SUBMITTED; exit: -; error: -; workDir: /export/home/agletdinov/work/git_projects/nextflow_projects/work/80/a7d94f35ebe5fce80638a84841300c started: -; exited: -; ]
~> TaskHandler[jobId: 383; id: 27; name: taxonomy_analysis:TAXONOMY_ANALYSIS:BWA_MEM_BAM_SORT_FULL_GENOME (Bwa mem on L231T007_S2_L001_4_null); status: SUBMITTED; exit: -; error: -; workDir: /export/home/agletdinov/work/git_projects/nextflow_projects/work/90/cd32e626b933055d085351412987fb started: -; exited: -; ]
~> TaskHandler[jobId: 384; id: 24; name: taxonomy_analysis:TAXONOMY_ANALYSIS:BWA_MEM_BAM_SORT_FULL_GENOME (Bwa mem on L231T007_S2_L001_4_null); status: SUBMITTED; exit: -; error: -; workDir: /export/home/agletdinov/work/git_projects/nextflow_projects/work/b4/deb85e3aece28ff6ac27af6b627e38 started: -; exited: -; ]
~> TaskHandler[jobId: 385; id: 39; name: taxonomy_analysis:TAXONOMY_ANALYSIS:BWA_MEM_BAM_SORT_FULL_GENOME (Bwa mem on L231T005_S1_L001_4_null); status: SUBMITTED; exit: -; error: -; workDir: /export/home/agletdinov/work/git_projects/nextflow_projects/work/9e/ee76c13d31649d15be40f714958d26 started: -; exited: -; ]
~> TaskHandler[jobId: 386; id: 36; name: taxonomy_analysis:TAXONOMY_ANALYSIS:MEGAHIT (Megahit on L231T005_S1_L001_4); status: SUBMITTED; exit: -; error: -; workDir: /export/home/agletdinov/work/git_projects/nextflow_projects/work/00/2065c8bffd77db6fe5cf74b065896a started: -; exited: -; ]
~> TaskHandler[jobId: 387; id: 32; name: taxonomy_analysis:TAXONOMY_ANALYSIS:BWA_MEM_BAM_SORT_FULL_GENOME (Bwa mem on L231T0020_S6_L001_4_null); status: SUBMITTED; exit: -; error: -; workDir: /export/home/agletdinov/work/git_projects/nextflow_projects/work/30/3e9e2f1b763f63cc02978a9072f3c4 started: -; exited: -; ]
.. remaining tasks omitted.
May-06 11:57:25.092 [Task monitor] DEBUG n.processor.TaskPollingMonitor - Task completed > TaskHandler[jobId: 381; id: 30; name: taxonomy_analysis:TAXONOMY_ANALYSIS:BWA_MEM_BAM_SORT_FULL_GENOME (Bwa mem on L231T0020_S6_L001_4_null); status: COMPLETED; exit: 0; error: -; workDir: /export/home/agletdinov/work/git_projects/nextflow_projects/work/25/9ff797a980d3d91e64a9701e58e750 started: 1714985750104; exited: 2024-05-06T08:57:00.785796Z; ]
May-06 11:57:26.341 [Task submitter] DEBUG nextflow.executor.GridTaskHandler - [SLURM] submitted process taxonomy_analysis:TAXONOMY_ANALYSIS:SAMTOOLS_STATS (Samtools stats on L231T0020_S6_L001_4_cp) > jobId: 409; workDir: /export/home/agletdinov/work/git_projects/nextflow_projects/work/49/e85694cf817d356de4efaa7c27f3df
May-06 11:57:26.341 [Task submitter] INFO  nextflow.Session - [49/e85694] Submitted process > taxonomy_analysis:TAXONOMY_ANALYSIS:SAMTOOLS_STATS (Samtools stats on L231T0020_S6_L001_4_cp)
May-06 11:57:26.383 [Task submitter] DEBUG nextflow.executor.GridTaskHandler - [SLURM] submitted process taxonomy_analysis:TAXONOMY_ANALYSIS:SAMTOOLS_INDEX (Samtools index on L231T0020_S6_L001_4_cp) > jobId: 410; workDir: /export/home/agletdinov/work/git_projects/nextflow_projects/work/e4/ba98ac0296b2b97db58282ac4a84a4
May-06 11:57:26.383 [Task submitter] INFO  nextflow.Session - [e4/ba98ac] Submitted process > taxonomy_analysis:TAXONOMY_ANALYSIS:SAMTOOLS_INDEX (Samtools index on L231T0020_S6_L001_4_cp)
May-06 11:57:26.407 [Task submitter] DEBUG nextflow.executor.GridTaskHandler - [SLURM] submitted process taxonomy_analysis:TAXONOMY_ANALYSIS:SAMTOOLS_CONSENSUS_LITE (Samtools consensus on L231T0020_S6_L001_4_cp) > jobId: 411; workDir: /export/home/agletdinov/work/git_projects/nextflow_projects/work/e2/e82d1ab7ec3c7ace9abd1c66492592
May-06 11:57:26.407 [Task submitter] INFO  nextflow.Session - [e2/e82d1a] Submitted process > taxonomy_analysis:TAXONOMY_ANALYSIS:SAMTOOLS_CONSENSUS_LITE (Samtools consensus on L231T0020_S6_L001_4_cp)
May-06 11:57:40.093 [Task monitor] DEBUG n.processor.TaskPollingMonitor - Task completed > TaskHandler[jobId: 380; id: 29; name: taxonomy_analysis:TAXONOMY_ANALYSIS:KRAKEN2 (Kraken2 on L231T0020_S6_L001_4); status: COMPLETED; exit: 0; error: -; workDir: /export/home/agletdinov/work/git_projects/nextflow_projects/work/04/27b5ae9ab033671b3a0b41f660cc33 started: 1714985735085; exited: 2024-05-06T08:57:19.531067Z; ]
May-06 11:57:40.121 [Actor Thread 37] DEBUG nextflow.conda.CondaCache - mamba found local env for environment=/export/home/agletdinov/mambaforge/envs/bracken; path=/export/home/agletdinov/mambaforge/envs/bracken
May-06 11:57:40.126 [Task submitter] DEBUG nextflow.executor.GridTaskHandler - [SLURM] submitted process taxonomy_analysis:TAXONOMY_ANALYSIS:KRAKEN2 (Kraken2 on L231T007_S2_L001_4) > jobId: 412; workDir: /export/home/agletdinov/work/git_projects/nextflow_projects/work/87/9d46cd16bf3ca6740bb19863028634
May-06 11:57:40.126 [Task submitter] INFO  nextflow.Session - [87/9d46cd] Submitted process > taxonomy_analysis:TAXONOMY_ANALYSIS:KRAKEN2 (Kraken2 on L231T007_S2_L001_4)
May-06 11:57:41.149 [Task submitter] DEBUG nextflow.executor.GridTaskHandler - [SLURM] submitted process taxonomy_analysis:TAXONOMY_ANALYSIS:BRACKEN (Bracken on L231T0020_S6_L001_4) > jobId: 413; workDir: /export/home/agletdinov/work/git_projects/nextflow_projects/work/ef/ac0732d974b21525d60b382d31da6c
May-06 11:57:41.149 [Task submitter] INFO  nextflow.Session - [ef/ac0732] Submitted process > taxonomy_analysis:TAXONOMY_ANALYSIS:BRACKEN (Bracken on L231T0020_S6_L001_4)
May-06 11:59:00.095 [Task monitor] DEBUG n.processor.TaskPollingMonitor - Task completed > TaskHandler[jobId: 382; id: 26; name: taxonomy_analysis:TAXONOMY_ANALYSIS:BWA_MEM_BAM_SORT_FULL_GENOME (Bwa mem on L231T007_S2_L001_4_null); status: COMPLETED; exit: 0; error: -; workDir: /export/home/agletdinov/work/git_projects/nextflow_projects/work/80/a7d94f35ebe5fce80638a84841300c started: 1714985845098; exited: 2024-05-06T08:58:40.98999Z; ]
May-06 11:59:01.385 [Task submitter] DEBUG nextflow.executor.GridTaskHandler - [SLURM] submitted process taxonomy_analysis:TAXONOMY_ANALYSIS:SAMTOOLS_STATS (Samtools stats on L231T007_S2_L001_4_va) > jobId: 414; workDir: /export/home/agletdinov/work/git_projects/nextflow_projects/work/3a/64b93ac4aa124a98f4da493e37f64d
May-06 11:59:01.386 [Task submitter] INFO  nextflow.Session - [3a/64b93a] Submitted process > taxonomy_analysis:TAXONOMY_ANALYSIS:SAMTOOLS_STATS (Samtools stats on L231T007_S2_L001_4_va)
May-06 11:59:01.432 [Task submitter] DEBUG nextflow.executor.GridTaskHandler - [SLURM] submitted process taxonomy_analysis:TAXONOMY_ANALYSIS:SAMTOOLS_INDEX (Samtools index on L231T007_S2_L001_4_va) > jobId: 415; workDir: /export/home/agletdinov/work/git_projects/nextflow_projects/work/b8/e91b0a2d4c64cf49c0f38b897259d2
May-06 11:59:01.433 [Task submitter] INFO  nextflow.Session - [b8/e91b0a] Submitted process > taxonomy_analysis:TAXONOMY_ANALYSIS:SAMTOOLS_INDEX (Samtools index on L231T007_S2_L001_4_va)
May-06 11:59:01.472 [Task submitter] DEBUG nextflow.executor.GridTaskHandler - [SLURM] submitted process taxonomy_analysis:TAXONOMY_ANALYSIS:SAMTOOLS_CONSENSUS_LITE (Samtools consensus on L231T007_S2_L001_4_va) > jobId: 416; workDir: /export/home/agletdinov/work/git_projects/nextflow_projects/work/d6/3a3e093c893fd0604485656af0fa8c
May-06 11:59:01.473 [Task submitter] INFO  nextflow.Session - [d6/3a3e09] Submitted process > taxonomy_analysis:TAXONOMY_ANALYSIS:SAMTOOLS_CONSENSUS_LITE (Samtools consensus on L231T007_S2_L001_4_va)
May-06 11:59:13.478 [Task submitter] DEBUG n.processor.TaskPollingMonitor - %% executor slurm > tasks in the submission queue: 3 -- tasks to be submitted are shown below
~> TaskHandler[jobId: null; id: 34; name: taxonomy_analysis:TAXONOMY_ANALYSIS:KRAKEN2 (Kraken2 on L231T005_S1_L001_4); status: NEW; exit: -; error: -; workDir: /export/home/agletdinov/work/git_projects/nextflow_projects/work/ca/5d2024b0bd083ca6964d5520836e0c started: -; exited: -; ]
~> TaskHandler[jobId: null; id: 41; name: taxonomy_analysis:TAXONOMY_ANALYSIS:KRAKEN2 (Kraken2 on L231T008_S3_L001_4); status: NEW; exit: -; error: -; workDir: /export/home/agletdinov/work/git_projects/nextflow_projects/work/83/241897628be6679ff88606cfef736e started: -; exited: -; ]
~> TaskHandler[jobId: null; id: 46; name: taxonomy_analysis:TAXONOMY_ANALYSIS:KRAKEN2 (Kraken2 on L231T0015_S4_L001_4); status: NEW; exit: -; error: -; workDir: /export/home/agletdinov/work/git_projects/nextflow_projects/work/89/6d7a907bcfcc4e34a8885d970f2236 started: -; exited: -; ]
May-06 11:59:35.096 [Task monitor] DEBUG n.processor.TaskPollingMonitor - Task completed > TaskHandler[jobId: 383; id: 27; name: taxonomy_analysis:TAXONOMY_ANALYSIS:BWA_MEM_BAM_SORT_FULL_GENOME (Bwa mem on L231T007_S2_L001_4_null); status: COMPLETED; exit: 0; error: -; workDir: /export/home/agletdinov/work/git_projects/nextflow_projects/work/90/cd32e626b933055d085351412987fb started: 1714985850103; exited: 2024-05-06T08:59:02.011787Z; ]
May-06 11:59:36.309 [Task submitter] DEBUG nextflow.executor.GridTaskHandler - [SLURM] submitted process taxonomy_analysis:TAXONOMY_ANALYSIS:SAMTOOLS_INDEX (Samtools index on L231T007_S2_L001_4_ec) > jobId: 417; workDir: /export/home/agletdinov/work/git_projects/nextflow_projects/work/de/c61d5b0e9db6b335be970c3e7c275d
May-06 11:59:36.309 [Task submitter] INFO  nextflow.Session - [de/c61d5b] Submitted process > taxonomy_analysis:TAXONOMY_ANALYSIS:SAMTOOLS_INDEX (Samtools index on L231T007_S2_L001_4_ec)
May-06 11:59:36.347 [Task submitter] DEBUG nextflow.executor.GridTaskHandler - [SLURM] submitted process taxonomy_analysis:TAXONOMY_ANALYSIS:SAMTOOLS_CONSENSUS_LITE (Samtools consensus on L231T007_S2_L001_4_ec) > jobId: 418; workDir: /export/home/agletdinov/work/git_projects/nextflow_projects/work/08/b5ee05ecc556cae7d6d7f7b2392fb7
May-06 11:59:36.348 [Task submitter] INFO  nextflow.Session - [08/b5ee05] Submitted process > taxonomy_analysis:TAXONOMY_ANALYSIS:SAMTOOLS_CONSENSUS_LITE (Samtools consensus on L231T007_S2_L001_4_ec)
May-06 11:59:36.381 [Task submitter] DEBUG nextflow.executor.GridTaskHandler - [SLURM] submitted process taxonomy_analysis:TAXONOMY_ANALYSIS:SAMTOOLS_STATS (Samtools stats on L231T007_S2_L001_4_ec) > jobId: 419; workDir: /export/home/agletdinov/work/git_projects/nextflow_projects/work/33/89675b39f234821605ccb8ebd95573
May-06 11:59:36.382 [Task submitter] INFO  nextflow.Session - [33/89675b] Submitted process > taxonomy_analysis:TAXONOMY_ANALYSIS:SAMTOOLS_STATS (Samtools stats on L231T007_S2_L001_4_ec)
May-06 12:00:35.096 [Task monitor] DEBUG n.processor.TaskPollingMonitor - Task completed > TaskHandler[jobId: 384; id: 24; name: taxonomy_analysis:TAXONOMY_ANALYSIS:BWA_MEM_BAM_SORT_FULL_GENOME (Bwa mem on L231T007_S2_L001_4_null); status: COMPLETED; exit: 0; error: -; workDir: /export/home/agletdinov/work/git_projects/nextflow_projects/work/b4/deb85e3aece28ff6ac27af6b627e38 started: 1714985970107; exited: 2024-05-06T09:00:00.522984Z; ]
May-06 12:00:36.366 [Task submitter] DEBUG nextflow.executor.GridTaskHandler - [SLURM] submitted process taxonomy_analysis:TAXONOMY_ANALYSIS:SAMTOOLS_INDEX (Samtools index on L231T007_S2_L001_4_cp) > jobId: 420; workDir: /export/home/agletdinov/work/git_projects/nextflow_projects/work/75/67910e32a8e8ac803fe5ce130979ad
May-06 12:00:36.367 [Task submitter] INFO  nextflow.Session - [75/67910e] Submitted process > taxonomy_analysis:TAXONOMY_ANALYSIS:SAMTOOLS_INDEX (Samtools index on L231T007_S2_L001_4_cp)
May-06 12:00:36.413 [Task submitter] DEBUG nextflow.executor.GridTaskHandler - [SLURM] submitted process taxonomy_analysis:TAXONOMY_ANALYSIS:SAMTOOLS_CONSENSUS_LITE (Samtools consensus on L231T007_S2_L001_4_cp) > jobId: 421; workDir: /export/home/agletdinov/work/git_projects/nextflow_projects/work/dd/8b4593fae96c0c787aa0c8ac106a72
May-06 12:00:36.413 [Task submitter] INFO  nextflow.Session - [dd/8b4593] Submitted process > taxonomy_analysis:TAXONOMY_ANALYSIS:SAMTOOLS_CONSENSUS_LITE (Samtools consensus on L231T007_S2_L001_4_cp)
May-06 12:00:36.445 [Task submitter] DEBUG nextflow.executor.GridTaskHandler - [SLURM] submitted process taxonomy_analysis:TAXONOMY_ANALYSIS:SAMTOOLS_STATS (Samtools stats on L231T007_S2_L001_4_cp) > jobId: 422; workDir: /export/home/agletdinov/work/git_projects/nextflow_projects/work/73/c35e767c03875a4aa93a8d71b7957c
May-06 12:00:36.445 [Task submitter] INFO  nextflow.Session - [73/c35e76] Submitted process > taxonomy_analysis:TAXONOMY_ANALYSIS:SAMTOOLS_STATS (Samtools stats on L231T007_S2_L001_4_cp)
May-06 12:01:05.096 [Task monitor] DEBUG n.processor.TaskPollingMonitor - Task completed > TaskHandler[jobId: 385; id: 39; name: taxonomy_analysis:TAXONOMY_ANALYSIS:BWA_MEM_BAM_SORT_FULL_GENOME (Bwa mem on L231T005_S1_L001_4_null); status: COMPLETED; exit: 0; error: -; workDir: /export/home/agletdinov/work/git_projects/nextflow_projects/work/9e/ee76c13d31649d15be40f714958d26 started: 1714985970108; exited: 2024-05-06T09:00:07.109803Z; ]
May-06 12:01:06.325 [Task submitter] DEBUG nextflow.executor.GridTaskHandler - [SLURM] submitted process taxonomy_analysis:TAXONOMY_ANALYSIS:SAMTOOLS_INDEX (Samtools index on L231T005_S1_L001_4_ec) > jobId: 423; workDir: /export/home/agletdinov/work/git_projects/nextflow_projects/work/3e/0ba30b0e634268b41bd5beec395083
May-06 12:01:06.325 [Task submitter] INFO  nextflow.Session - [3e/0ba30b] Submitted process > taxonomy_analysis:TAXONOMY_ANALYSIS:SAMTOOLS_INDEX (Samtools index on L231T005_S1_L001_4_ec)
May-06 12:01:06.370 [Task submitter] DEBUG nextflow.executor.GridTaskHandler - [SLURM] submitted process taxonomy_analysis:TAXONOMY_ANALYSIS:SAMTOOLS_STATS (Samtools stats on L231T005_S1_L001_4_ec) > jobId: 424; workDir: /export/home/agletdinov/work/git_projects/nextflow_projects/work/67/20422fb380236ef92e2f2f87b62828
May-06 12:01:06.371 [Task submitter] INFO  nextflow.Session - [67/20422f] Submitted process > taxonomy_analysis:TAXONOMY_ANALYSIS:SAMTOOLS_STATS (Samtools stats on L231T005_S1_L001_4_ec)
May-06 12:01:06.417 [Task submitter] DEBUG nextflow.executor.GridTaskHandler - [SLURM] submitted process taxonomy_analysis:TAXONOMY_ANALYSIS:SAMTOOLS_CONSENSUS_LITE (Samtools consensus on L231T005_S1_L001_4_ec) > jobId: 425; workDir: /export/home/agletdinov/work/git_projects/nextflow_projects/work/6e/0d3cad0fc421408eee05555d37b0dd
May-06 12:01:06.417 [Task submitter] INFO  nextflow.Session - [6e/0d3cad] Submitted process > taxonomy_analysis:TAXONOMY_ANALYSIS:SAMTOOLS_CONSENSUS_LITE (Samtools consensus on L231T005_S1_L001_4_ec)
May-06 12:01:25.097 [Task monitor] DEBUG n.processor.TaskPollingMonitor - !! executor slurm > tasks to be completed: 42 -- submitted tasks are shown below
~> TaskHandler[jobId: 378; id: 23; name: taxonomy_analysis:TAXONOMY_ANALYSIS:MEGAHIT (Megahit on L231T007_S2_L001_4); status: RUNNING; exit: -; error: -; workDir: /export/home/agletdinov/work/git_projects/nextflow_projects/work/b1/e16be2a3778356cf3c8077cab896e3 started: 1714985655088; exited: -; ]
~> TaskHandler[jobId: 379; id: 28; name: taxonomy_analysis:TAXONOMY_ANALYSIS:MEGAHIT (Megahit on L231T0020_S6_L001_4); status: RUNNING; exit: -; error: -; workDir: /export/home/agletdinov/work/git_projects/nextflow_projects/work/02/202a791b350d739c7d96c80c1e323e started: 1714985655090; exited: -; ]
~> TaskHandler[jobId: 386; id: 36; name: taxonomy_analysis:TAXONOMY_ANALYSIS:MEGAHIT (Megahit on L231T005_S1_L001_4); status: RUNNING; exit: -; error: -; workDir: /export/home/agletdinov/work/git_projects/nextflow_projects/work/00/2065c8bffd77db6fe5cf74b065896a started: 1714986030107; exited: -; ]
~> TaskHandler[jobId: 387; id: 32; name: taxonomy_analysis:TAXONOMY_ANALYSIS:BWA_MEM_BAM_SORT_FULL_GENOME (Bwa mem on L231T0020_S6_L001_4_null); status: RUNNING; exit: -; error: -; workDir: /export/home/agletdinov/work/git_projects/nextflow_projects/work/30/3e9e2f1b763f63cc02978a9072f3c4 started: 1714986030108; exited: -; ]
~> TaskHandler[jobId: 388; id: 37; name: taxonomy_analysis:TAXONOMY_ANALYSIS:BWA_MEM_BAM_SORT_FULL_GENOME (Bwa mem on L231T005_S1_L001_4_null); status: SUBMITTED; exit: -; error: -; workDir: /export/home/agletdinov/work/git_projects/nextflow_projects/work/49/a50c6770b593ac2816511d995cd1a7 started: -; exited: -; ]
~> TaskHandler[jobId: 389; id: 45; name: taxonomy_analysis:TAXONOMY_ANALYSIS:BWA_MEM_BAM_SORT_FULL_GENOME (Bwa mem on L231T008_S3_L001_4_null); status: SUBMITTED; exit: -; error: -; workDir: /export/home/agletdinov/work/git_projects/nextflow_projects/work/7f/fef1942e9aad028a082ee05a18220d started: -; exited: -; ]
~> TaskHandler[jobId: 390; id: 44; name: taxonomy_analysis:TAXONOMY_ANALYSIS:BWA_MEM_BAM_SORT_FULL_GENOME (Bwa mem on L231T008_S3_L001_4_null); status: SUBMITTED; exit: -; error: -; workDir: /export/home/agletdinov/work/git_projects/nextflow_projects/work/29/5df0e63af127dd1218bbb300ef49fe started: -; exited: -; ]
~> TaskHandler[jobId: 391; id: 33; name: taxonomy_analysis:TAXONOMY_ANALYSIS:BWA_MEM_BAM_SORT_FULL_GENOME (Bwa mem on L231T0020_S6_L001_4_null); status: SUBMITTED; exit: -; error: -; workDir: /export/home/agletdinov/work/git_projects/nextflow_projects/work/65/843fc9e1f765ddae5d14c79d8c0734 started: -; exited: -; ]
~> TaskHandler[jobId: 392; id: 43; name: taxonomy_analysis:TAXONOMY_ANALYSIS:BWA_MEM_BAM_SORT_FULL_GENOME (Bwa mem on L231T008_S3_L001_4_null); status: SUBMITTED; exit: -; error: -; workDir: /export/home/agletdinov/work/git_projects/nextflow_projects/work/a7/f98c194508f81a770249d18edfc861 started: -; exited: -; ]
~> TaskHandler[jobId: 393; id: 42; name: taxonomy_analysis:TAXONOMY_ANALYSIS:BWA_MEM_BAM_SORT_FULL_GENOME (Bwa mem on L231T008_S3_L001_4_null); status: SUBMITTED; exit: -; error: -; workDir: /export/home/agletdinov/work/git_projects/nextflow_projects/work/6f/dff8ae772ceea87064a72643f03772 started: -; exited: -; ]
.. remaining tasks omitted.
May-06 12:02:10.102 [Task monitor] DEBUG n.processor.TaskPollingMonitor - Task completed > TaskHandler[jobId: 387; id: 32; name: taxonomy_analysis:TAXONOMY_ANALYSIS:BWA_MEM_BAM_SORT_FULL_GENOME (Bwa mem on L231T0020_S6_L001_4_null); status: COMPLETED; exit: 0; error: -; workDir: /export/home/agletdinov/work/git_projects/nextflow_projects/work/30/3e9e2f1b763f63cc02978a9072f3c4 started: 1714986030108; exited: 2024-05-06T09:01:35.978892Z; ]
May-06 12:02:11.343 [Task submitter] DEBUG nextflow.executor.GridTaskHandler - [SLURM] submitted process taxonomy_analysis:TAXONOMY_ANALYSIS:SAMTOOLS_CONSENSUS_LITE (Samtools consensus on L231T0020_S6_L001_4_va) > jobId: 426; workDir: /export/home/agletdinov/work/git_projects/nextflow_projects/work/a6/8015a20b2ebd593ba1de91cc4924b4
May-06 12:02:11.344 [Task submitter] INFO  nextflow.Session - [a6/8015a2] Submitted process > taxonomy_analysis:TAXONOMY_ANALYSIS:SAMTOOLS_CONSENSUS_LITE (Samtools consensus on L231T0020_S6_L001_4_va)
May-06 12:02:11.394 [Task submitter] DEBUG nextflow.executor.GridTaskHandler - [SLURM] submitted process taxonomy_analysis:TAXONOMY_ANALYSIS:SAMTOOLS_INDEX (Samtools index on L231T0020_S6_L001_4_va) > jobId: 427; workDir: /export/home/agletdinov/work/git_projects/nextflow_projects/work/57/d66b376764d63644707f882b6fb596
May-06 12:02:11.394 [Task submitter] INFO  nextflow.Session - [57/d66b37] Submitted process > taxonomy_analysis:TAXONOMY_ANALYSIS:SAMTOOLS_INDEX (Samtools index on L231T0020_S6_L001_4_va)
May-06 12:02:11.448 [Task submitter] DEBUG nextflow.executor.GridTaskHandler - [SLURM] submitted process taxonomy_analysis:TAXONOMY_ANALYSIS:SAMTOOLS_STATS (Samtools stats on L231T0020_S6_L001_4_va) > jobId: 428; workDir: /export/home/agletdinov/work/git_projects/nextflow_projects/work/5d/92a99b846345a1a5cbea315d66d922
May-06 12:02:11.448 [Task submitter] INFO  nextflow.Session - [5d/92a99b] Submitted process > taxonomy_analysis:TAXONOMY_ANALYSIS:SAMTOOLS_STATS (Samtools stats on L231T0020_S6_L001_4_va)
May-06 12:02:45.103 [Task monitor] DEBUG n.processor.TaskPollingMonitor - Task completed > TaskHandler[jobId: 388; id: 37; name: taxonomy_analysis:TAXONOMY_ANALYSIS:BWA_MEM_BAM_SORT_FULL_GENOME (Bwa mem on L231T005_S1_L001_4_null); status: COMPLETED; exit: 0; error: -; workDir: /export/home/agletdinov/work/git_projects/nextflow_projects/work/49/a50c6770b593ac2816511d995cd1a7 started: 1714986105099; exited: 2024-05-06T09:02:35.896134Z; ]
May-06 12:02:46.164 [Task submitter] DEBUG nextflow.executor.GridTaskHandler - [SLURM] submitted process taxonomy_analysis:TAXONOMY_ANALYSIS:SAMTOOLS_INDEX (Samtools index on L231T005_S1_L001_4_sp) > jobId: 429; workDir: /export/home/agletdinov/work/git_projects/nextflow_projects/work/9a/cd7d52a96d0250361e86ec5045d904
May-06 12:02:46.165 [Task submitter] INFO  nextflow.Session - [9a/cd7d52] Submitted process > taxonomy_analysis:TAXONOMY_ANALYSIS:SAMTOOLS_INDEX (Samtools index on L231T005_S1_L001_4_sp)
May-06 12:02:46.196 [Task submitter] DEBUG nextflow.executor.GridTaskHandler - [SLURM] submitted process taxonomy_analysis:TAXONOMY_ANALYSIS:SAMTOOLS_STATS (Samtools stats on L231T005_S1_L001_4_sp) > jobId: 430; workDir: /export/home/agletdinov/work/git_projects/nextflow_projects/work/82/52e086e19a403fdfabe822a0bc68d8
May-06 12:02:46.196 [Task submitter] INFO  nextflow.Session - [82/52e086] Submitted process > taxonomy_analysis:TAXONOMY_ANALYSIS:SAMTOOLS_STATS (Samtools stats on L231T005_S1_L001_4_sp)
May-06 12:02:46.217 [Task submitter] DEBUG nextflow.executor.GridTaskHandler - [SLURM] submitted process taxonomy_analysis:TAXONOMY_ANALYSIS:SAMTOOLS_CONSENSUS_LITE (Samtools consensus on L231T005_S1_L001_4_sp) > jobId: 431; workDir: /export/home/agletdinov/work/git_projects/nextflow_projects/work/1c/1a7c41d5504241cfa4fbc16fd2d709
May-06 12:02:46.218 [Task submitter] INFO  nextflow.Session - [1c/1a7c41] Submitted process > taxonomy_analysis:TAXONOMY_ANALYSIS:SAMTOOLS_CONSENSUS_LITE (Samtools consensus on L231T005_S1_L001_4_sp)
May-06 12:04:14.231 [Task submitter] DEBUG n.processor.TaskPollingMonitor - %% executor slurm > tasks in the submission queue: 3 -- tasks to be submitted are shown below
~> TaskHandler[jobId: null; id: 34; name: taxonomy_analysis:TAXONOMY_ANALYSIS:KRAKEN2 (Kraken2 on L231T005_S1_L001_4); status: NEW; exit: -; error: -; workDir: /export/home/agletdinov/work/git_projects/nextflow_projects/work/ca/5d2024b0bd083ca6964d5520836e0c started: -; exited: -; ]
~> TaskHandler[jobId: null; id: 41; name: taxonomy_analysis:TAXONOMY_ANALYSIS:KRAKEN2 (Kraken2 on L231T008_S3_L001_4); status: NEW; exit: -; error: -; workDir: /export/home/agletdinov/work/git_projects/nextflow_projects/work/83/241897628be6679ff88606cfef736e started: -; exited: -; ]
~> TaskHandler[jobId: null; id: 46; name: taxonomy_analysis:TAXONOMY_ANALYSIS:KRAKEN2 (Kraken2 on L231T0015_S4_L001_4); status: NEW; exit: -; error: -; workDir: /export/home/agletdinov/work/git_projects/nextflow_projects/work/89/6d7a907bcfcc4e34a8885d970f2236 started: -; exited: -; ]
May-06 12:04:50.106 [Task monitor] DEBUG n.processor.TaskPollingMonitor - Task completed > TaskHandler[jobId: 389; id: 45; name: taxonomy_analysis:TAXONOMY_ANALYSIS:BWA_MEM_BAM_SORT_FULL_GENOME (Bwa mem on L231T008_S3_L001_4_null); status: COMPLETED; exit: 0; error: -; workDir: /export/home/agletdinov/work/git_projects/nextflow_projects/work/7f/fef1942e9aad028a082ee05a18220d started: 1714986165108; exited: 2024-05-06T09:04:28.057896Z; ]
May-06 12:04:51.409 [Task submitter] DEBUG nextflow.executor.GridTaskHandler - [SLURM] submitted process taxonomy_analysis:TAXONOMY_ANALYSIS:SAMTOOLS_STATS (Samtools stats on L231T008_S3_L001_4_ec) > jobId: 432; workDir: /export/home/agletdinov/work/git_projects/nextflow_projects/work/34/1de38524481ded39d081913510fcc3
May-06 12:04:51.409 [Task submitter] INFO  nextflow.Session - [34/1de385] Submitted process > taxonomy_analysis:TAXONOMY_ANALYSIS:SAMTOOLS_STATS (Samtools stats on L231T008_S3_L001_4_ec)
May-06 12:04:51.465 [Task submitter] DEBUG nextflow.executor.GridTaskHandler - [SLURM] submitted process taxonomy_analysis:TAXONOMY_ANALYSIS:SAMTOOLS_CONSENSUS_LITE (Samtools consensus on L231T008_S3_L001_4_ec) > jobId: 433; workDir: /export/home/agletdinov/work/git_projects/nextflow_projects/work/3b/db58c905a9dc3db12b4d4b7b642427
May-06 12:04:51.465 [Task submitter] INFO  nextflow.Session - [3b/db58c9] Submitted process > taxonomy_analysis:TAXONOMY_ANALYSIS:SAMTOOLS_CONSENSUS_LITE (Samtools consensus on L231T008_S3_L001_4_ec)
May-06 12:04:51.502 [Task submitter] DEBUG nextflow.executor.GridTaskHandler - [SLURM] submitted process taxonomy_analysis:TAXONOMY_ANALYSIS:SAMTOOLS_INDEX (Samtools index on L231T008_S3_L001_4_ec) > jobId: 434; workDir: /export/home/agletdinov/work/git_projects/nextflow_projects/work/fe/54385d4b61de6e923731e3f4e28b67
May-06 12:04:51.503 [Task submitter] INFO  nextflow.Session - [fe/54385d] Submitted process > taxonomy_analysis:TAXONOMY_ANALYSIS:SAMTOOLS_INDEX (Samtools index on L231T008_S3_L001_4_ec)
May-06 12:06:25.109 [Task monitor] DEBUG n.processor.TaskPollingMonitor - !! executor slurm > tasks to be completed: 48 -- submitted tasks are shown below
~> TaskHandler[jobId: 378; id: 23; name: taxonomy_analysis:TAXONOMY_ANALYSIS:MEGAHIT (Megahit on L231T007_S2_L001_4); status: RUNNING; exit: -; error: -; workDir: /export/home/agletdinov/work/git_projects/nextflow_projects/work/b1/e16be2a3778356cf3c8077cab896e3 started: 1714985655088; exited: -; ]
~> TaskHandler[jobId: 379; id: 28; name: taxonomy_analysis:TAXONOMY_ANALYSIS:MEGAHIT (Megahit on L231T0020_S6_L001_4); status: RUNNING; exit: -; error: -; workDir: /export/home/agletdinov/work/git_projects/nextflow_projects/work/02/202a791b350d739c7d96c80c1e323e started: 1714985655090; exited: -; ]
~> TaskHandler[jobId: 386; id: 36; name: taxonomy_analysis:TAXONOMY_ANALYSIS:MEGAHIT (Megahit on L231T005_S1_L001_4); status: RUNNING; exit: -; error: -; workDir: /export/home/agletdinov/work/git_projects/nextflow_projects/work/00/2065c8bffd77db6fe5cf74b065896a started: 1714986030107; exited: -; ]
~> TaskHandler[jobId: 390; id: 44; name: taxonomy_analysis:TAXONOMY_ANALYSIS:BWA_MEM_BAM_SORT_FULL_GENOME (Bwa mem on L231T008_S3_L001_4_null); status: RUNNING; exit: -; error: -; workDir: /export/home/agletdinov/work/git_projects/nextflow_projects/work/29/5df0e63af127dd1218bbb300ef49fe started: 1714986290112; exited: -; ]
~> TaskHandler[jobId: 391; id: 33; name: taxonomy_analysis:TAXONOMY_ANALYSIS:BWA_MEM_BAM_SORT_FULL_GENOME (Bwa mem on L231T0020_S6_L001_4_null); status: SUBMITTED; exit: -; error: -; workDir: /export/home/agletdinov/work/git_projects/nextflow_projects/work/65/843fc9e1f765ddae5d14c79d8c0734 started: -; exited: -; ]
~> TaskHandler[jobId: 392; id: 43; name: taxonomy_analysis:TAXONOMY_ANALYSIS:BWA_MEM_BAM_SORT_FULL_GENOME (Bwa mem on L231T008_S3_L001_4_null); status: SUBMITTED; exit: -; error: -; workDir: /export/home/agletdinov/work/git_projects/nextflow_projects/work/a7/f98c194508f81a770249d18edfc861 started: -; exited: -; ]
~> TaskHandler[jobId: 393; id: 42; name: taxonomy_analysis:TAXONOMY_ANALYSIS:BWA_MEM_BAM_SORT_FULL_GENOME (Bwa mem on L231T008_S3_L001_4_null); status: SUBMITTED; exit: -; error: -; workDir: /export/home/agletdinov/work/git_projects/nextflow_projects/work/6f/dff8ae772ceea87064a72643f03772 started: -; exited: -; ]
~> TaskHandler[jobId: 394; id: 35; name: taxonomy_analysis:TAXONOMY_ANALYSIS:BWA_MEM_BAM_SORT_FULL_GENOME (Bwa mem on L231T005_S1_L001_4_null); status: SUBMITTED; exit: -; error: -; workDir: /export/home/agletdinov/work/git_projects/nextflow_projects/work/a6/5399f44a747c9bd380067ac757e1df started: -; exited: -; ]
~> TaskHandler[jobId: 395; id: 25; name: taxonomy_analysis:TAXONOMY_ANALYSIS:BWA_MEM_BAM_SORT_FULL_GENOME (Bwa mem on L231T007_S2_L001_4_null); status: SUBMITTED; exit: -; error: -; workDir: /export/home/agletdinov/work/git_projects/nextflow_projects/work/6f/406dc82f75b6c3b22d52a7f6d0770a started: -; exited: -; ]
~> TaskHandler[jobId: 396; id: 40; name: taxonomy_analysis:TAXONOMY_ANALYSIS:MEGAHIT (Megahit on L231T008_S3_L001_4); status: SUBMITTED; exit: -; error: -; workDir: /export/home/agletdinov/work/git_projects/nextflow_projects/work/0f/780dd747bd822a9122ca25ecda8c31 started: -; exited: -; ]
.. remaining tasks omitted.
May-06 12:06:55.112 [Task monitor] DEBUG n.processor.TaskPollingMonitor - Task completed > TaskHandler[jobId: 390; id: 44; name: taxonomy_analysis:TAXONOMY_ANALYSIS:BWA_MEM_BAM_SORT_FULL_GENOME (Bwa mem on L231T008_S3_L001_4_null); status: COMPLETED; exit: 0; error: -; workDir: /export/home/agletdinov/work/git_projects/nextflow_projects/work/29/5df0e63af127dd1218bbb300ef49fe started: 1714986290112; exited: 2024-05-06T09:06:19.224753Z; ]
May-06 12:06:56.300 [Task submitter] DEBUG nextflow.executor.GridTaskHandler - [SLURM] submitted process taxonomy_analysis:TAXONOMY_ANALYSIS:SAMTOOLS_STATS (Samtools stats on L231T008_S3_L001_4_va) > jobId: 435; workDir: /export/home/agletdinov/work/git_projects/nextflow_projects/work/fa/5da078e0fc92ffbb08df5fb99d5574
May-06 12:06:56.300 [Task submitter] INFO  nextflow.Session - [fa/5da078] Submitted process > taxonomy_analysis:TAXONOMY_ANALYSIS:SAMTOOLS_STATS (Samtools stats on L231T008_S3_L001_4_va)
May-06 12:06:56.352 [Task submitter] DEBUG nextflow.executor.GridTaskHandler - [SLURM] submitted process taxonomy_analysis:TAXONOMY_ANALYSIS:SAMTOOLS_INDEX (Samtools index on L231T008_S3_L001_4_va) > jobId: 436; workDir: /export/home/agletdinov/work/git_projects/nextflow_projects/work/aa/531cf9e5a505145488961df84c0079
May-06 12:06:56.352 [Task submitter] INFO  nextflow.Session - [aa/531cf9] Submitted process > taxonomy_analysis:TAXONOMY_ANALYSIS:SAMTOOLS_INDEX (Samtools index on L231T008_S3_L001_4_va)
May-06 12:06:56.383 [Task submitter] DEBUG nextflow.executor.GridTaskHandler - [SLURM] submitted process taxonomy_analysis:TAXONOMY_ANALYSIS:SAMTOOLS_CONSENSUS_LITE (Samtools consensus on L231T008_S3_L001_4_va) > jobId: 437; workDir: /export/home/agletdinov/work/git_projects/nextflow_projects/work/13/c9456b49e2b78377c667a303bb4715
May-06 12:06:56.383 [Task submitter] INFO  nextflow.Session - [13/c9456b] Submitted process > taxonomy_analysis:TAXONOMY_ANALYSIS:SAMTOOLS_CONSENSUS_LITE (Samtools consensus on L231T008_S3_L001_4_va)
May-06 12:08:30.127 [Task monitor] DEBUG n.processor.TaskPollingMonitor - Task completed > TaskHandler[jobId: 391; id: 33; name: taxonomy_analysis:TAXONOMY_ANALYSIS:BWA_MEM_BAM_SORT_FULL_GENOME (Bwa mem on L231T0020_S6_L001_4_null); status: COMPLETED; exit: 0; error: -; workDir: /export/home/agletdinov/work/git_projects/nextflow_projects/work/65/843fc9e1f765ddae5d14c79d8c0734 started: 1714986390124; exited: 2024-05-06T09:07:49.484795Z; ]
May-06 12:08:31.400 [Task submitter] DEBUG nextflow.executor.GridTaskHandler - [SLURM] submitted process taxonomy_analysis:TAXONOMY_ANALYSIS:SAMTOOLS_CONSENSUS_LITE (Samtools consensus on L231T0020_S6_L001_4_ec) > jobId: 438; workDir: /export/home/agletdinov/work/git_projects/nextflow_projects/work/5e/1e1738dfe5c5bf17b3e954e50201a3
May-06 12:08:31.401 [Task submitter] INFO  nextflow.Session - [5e/1e1738] Submitted process > taxonomy_analysis:TAXONOMY_ANALYSIS:SAMTOOLS_CONSENSUS_LITE (Samtools consensus on L231T0020_S6_L001_4_ec)
May-06 12:08:31.447 [Task submitter] DEBUG nextflow.executor.GridTaskHandler - [SLURM] submitted process taxonomy_analysis:TAXONOMY_ANALYSIS:SAMTOOLS_STATS (Samtools stats on L231T0020_S6_L001_4_ec) > jobId: 439; workDir: /export/home/agletdinov/work/git_projects/nextflow_projects/work/82/4caae34b9d7e8042e8386419cc5490
May-06 12:08:31.447 [Task submitter] INFO  nextflow.Session - [82/4caae3] Submitted process > taxonomy_analysis:TAXONOMY_ANALYSIS:SAMTOOLS_STATS (Samtools stats on L231T0020_S6_L001_4_ec)
May-06 12:08:31.470 [Task submitter] DEBUG nextflow.executor.GridTaskHandler - [SLURM] submitted process taxonomy_analysis:TAXONOMY_ANALYSIS:SAMTOOLS_INDEX (Samtools index on L231T0020_S6_L001_4_ec) > jobId: 440; workDir: /export/home/agletdinov/work/git_projects/nextflow_projects/work/2d/1ed718400663f479e20fb49eb08193
May-06 12:08:31.470 [Task submitter] INFO  nextflow.Session - [2d/1ed718] Submitted process > taxonomy_analysis:TAXONOMY_ANALYSIS:SAMTOOLS_INDEX (Samtools index on L231T0020_S6_L001_4_ec)
May-06 12:09:14.478 [Task submitter] DEBUG n.processor.TaskPollingMonitor - %% executor slurm > tasks in the submission queue: 3 -- tasks to be submitted are shown below
~> TaskHandler[jobId: null; id: 34; name: taxonomy_analysis:TAXONOMY_ANALYSIS:KRAKEN2 (Kraken2 on L231T005_S1_L001_4); status: NEW; exit: -; error: -; workDir: /export/home/agletdinov/work/git_projects/nextflow_projects/work/ca/5d2024b0bd083ca6964d5520836e0c started: -; exited: -; ]
~> TaskHandler[jobId: null; id: 41; name: taxonomy_analysis:TAXONOMY_ANALYSIS:KRAKEN2 (Kraken2 on L231T008_S3_L001_4); status: NEW; exit: -; error: -; workDir: /export/home/agletdinov/work/git_projects/nextflow_projects/work/83/241897628be6679ff88606cfef736e started: -; exited: -; ]
~> TaskHandler[jobId: null; id: 46; name: taxonomy_analysis:TAXONOMY_ANALYSIS:KRAKEN2 (Kraken2 on L231T0015_S4_L001_4); status: NEW; exit: -; error: -; workDir: /export/home/agletdinov/work/git_projects/nextflow_projects/work/89/6d7a907bcfcc4e34a8885d970f2236 started: -; exited: -; ]
May-06 12:09:35.118 [Task monitor] DEBUG n.processor.TaskPollingMonitor - Task completed > TaskHandler[jobId: 392; id: 43; name: taxonomy_analysis:TAXONOMY_ANALYSIS:BWA_MEM_BAM_SORT_FULL_GENOME (Bwa mem on L231T008_S3_L001_4_null); status: COMPLETED; exit: 0; error: -; workDir: /export/home/agletdinov/work/git_projects/nextflow_projects/work/a7/f98c194508f81a770249d18edfc861 started: 1714986480113; exited: 2024-05-06T09:09:23.727759Z; ]
May-06 12:09:36.399 [Task submitter] DEBUG nextflow.executor.GridTaskHandler - [SLURM] submitted process taxonomy_analysis:TAXONOMY_ANALYSIS:SAMTOOLS_CONSENSUS_LITE (Samtools consensus on L231T008_S3_L001_4_sp) > jobId: 441; workDir: /export/home/agletdinov/work/git_projects/nextflow_projects/work/dd/989c8d49b0ce721a973984b4d078d3
May-06 12:09:36.399 [Task submitter] INFO  nextflow.Session - [dd/989c8d] Submitted process > taxonomy_analysis:TAXONOMY_ANALYSIS:SAMTOOLS_CONSENSUS_LITE (Samtools consensus on L231T008_S3_L001_4_sp)
May-06 12:09:36.450 [Task submitter] DEBUG nextflow.executor.GridTaskHandler - [SLURM] submitted process taxonomy_analysis:TAXONOMY_ANALYSIS:SAMTOOLS_STATS (Samtools stats on L231T008_S3_L001_4_sp) > jobId: 442; workDir: /export/home/agletdinov/work/git_projects/nextflow_projects/work/7e/fbec2de4c71e22fc3041f11649bb73
May-06 12:09:36.450 [Task submitter] INFO  nextflow.Session - [7e/fbec2d] Submitted process > taxonomy_analysis:TAXONOMY_ANALYSIS:SAMTOOLS_STATS (Samtools stats on L231T008_S3_L001_4_sp)
May-06 12:09:36.487 [Task submitter] DEBUG nextflow.executor.GridTaskHandler - [SLURM] submitted process taxonomy_analysis:TAXONOMY_ANALYSIS:SAMTOOLS_INDEX (Samtools index on L231T008_S3_L001_4_sp) > jobId: 443; workDir: /export/home/agletdinov/work/git_projects/nextflow_projects/work/21/87097a651e9a0905fcf338ba82ac51
May-06 12:09:36.487 [Task submitter] INFO  nextflow.Session - [21/87097a] Submitted process > taxonomy_analysis:TAXONOMY_ANALYSIS:SAMTOOLS_INDEX (Samtools index on L231T008_S3_L001_4_sp)
May-06 12:11:25.120 [Task monitor] DEBUG n.processor.TaskPollingMonitor - !! executor slurm > tasks to be completed: 54 -- submitted tasks are shown below
~> TaskHandler[jobId: 378; id: 23; name: taxonomy_analysis:TAXONOMY_ANALYSIS:MEGAHIT (Megahit on L231T007_S2_L001_4); status: RUNNING; exit: -; error: -; workDir: /export/home/agletdinov/work/git_projects/nextflow_projects/work/b1/e16be2a3778356cf3c8077cab896e3 started: 1714985655088; exited: -; ]
~> TaskHandler[jobId: 379; id: 28; name: taxonomy_analysis:TAXONOMY_ANALYSIS:MEGAHIT (Megahit on L231T0020_S6_L001_4); status: RUNNING; exit: -; error: -; workDir: /export/home/agletdinov/work/git_projects/nextflow_projects/work/02/202a791b350d739c7d96c80c1e323e started: 1714985655090; exited: -; ]
~> TaskHandler[jobId: 386; id: 36; name: taxonomy_analysis:TAXONOMY_ANALYSIS:MEGAHIT (Megahit on L231T005_S1_L001_4); status: RUNNING; exit: -; error: -; workDir: /export/home/agletdinov/work/git_projects/nextflow_projects/work/00/2065c8bffd77db6fe5cf74b065896a started: 1714986030107; exited: -; ]
~> TaskHandler[jobId: 393; id: 42; name: taxonomy_analysis:TAXONOMY_ANALYSIS:BWA_MEM_BAM_SORT_FULL_GENOME (Bwa mem on L231T008_S3_L001_4_null); status: RUNNING; exit: -; error: -; workDir: /export/home/agletdinov/work/git_projects/nextflow_projects/work/6f/dff8ae772ceea87064a72643f03772 started: 1714986600117; exited: -; ]
~> TaskHandler[jobId: 394; id: 35; name: taxonomy_analysis:TAXONOMY_ANALYSIS:BWA_MEM_BAM_SORT_FULL_GENOME (Bwa mem on L231T005_S1_L001_4_null); status: RUNNING; exit: -; error: -; workDir: /export/home/agletdinov/work/git_projects/nextflow_projects/work/a6/5399f44a747c9bd380067ac757e1df started: 1714986660118; exited: -; ]
~> TaskHandler[jobId: 395; id: 25; name: taxonomy_analysis:TAXONOMY_ANALYSIS:BWA_MEM_BAM_SORT_FULL_GENOME (Bwa mem on L231T007_S2_L001_4_null); status: SUBMITTED; exit: -; error: -; workDir: /export/home/agletdinov/work/git_projects/nextflow_projects/work/6f/406dc82f75b6c3b22d52a7f6d0770a started: -; exited: -; ]
~> TaskHandler[jobId: 396; id: 40; name: taxonomy_analysis:TAXONOMY_ANALYSIS:MEGAHIT (Megahit on L231T008_S3_L001_4); status: SUBMITTED; exit: -; error: -; workDir: /export/home/agletdinov/work/git_projects/nextflow_projects/work/0f/780dd747bd822a9122ca25ecda8c31 started: -; exited: -; ]
~> TaskHandler[jobId: 397; id: 47; name: taxonomy_analysis:TAXONOMY_ANALYSIS:MEGAHIT (Megahit on L231T0015_S4_L001_4); status: SUBMITTED; exit: -; error: -; workDir: /export/home/agletdinov/work/git_projects/nextflow_projects/work/e3/e76c31bd5021600843aefaeb74d10f started: -; exited: -; ]
~> TaskHandler[jobId: 398; id: 51; name: taxonomy_analysis:TAXONOMY_ANALYSIS:BWA_MEM_BAM_SORT_FULL_GENOME (Bwa mem on L231T0015_S4_L001_4_null); status: SUBMITTED; exit: -; error: -; workDir: /export/home/agletdinov/work/git_projects/nextflow_projects/work/0b/1e0dcff46c5214c7a72c110c7a69f8 started: -; exited: -; ]
~> TaskHandler[jobId: 399; id: 48; name: taxonomy_analysis:TAXONOMY_ANALYSIS:BWA_MEM_BAM_SORT_FULL_GENOME (Bwa mem on L231T0015_S4_L001_4_null); status: SUBMITTED; exit: -; error: -; workDir: /export/home/agletdinov/work/git_projects/nextflow_projects/work/6c/ca14d0e3c2549ece2c997105b28c6e started: -; exited: -; ]
.. remaining tasks omitted.
May-06 12:11:30.134 [Task monitor] DEBUG n.processor.TaskPollingMonitor - Task completed > TaskHandler[jobId: 393; id: 42; name: taxonomy_analysis:TAXONOMY_ANALYSIS:BWA_MEM_BAM_SORT_FULL_GENOME (Bwa mem on L231T008_S3_L001_4_null); status: COMPLETED; exit: 0; error: -; workDir: /export/home/agletdinov/work/git_projects/nextflow_projects/work/6f/dff8ae772ceea87064a72643f03772 started: 1714986600117; exited: 2024-05-06T09:10:48.565036Z; ]
May-06 12:11:31.430 [Task submitter] DEBUG nextflow.executor.GridTaskHandler - [SLURM] submitted process taxonomy_analysis:TAXONOMY_ANALYSIS:SAMTOOLS_STATS (Samtools stats on L231T008_S3_L001_4_cp) > jobId: 444; workDir: /export/home/agletdinov/work/git_projects/nextflow_projects/work/ef/5092dd8c9b95aa27443539c12cd0ec
May-06 12:11:31.431 [Task submitter] INFO  nextflow.Session - [ef/5092dd] Submitted process > taxonomy_analysis:TAXONOMY_ANALYSIS:SAMTOOLS_STATS (Samtools stats on L231T008_S3_L001_4_cp)
May-06 12:11:31.474 [Task submitter] DEBUG nextflow.executor.GridTaskHandler - [SLURM] submitted process taxonomy_analysis:TAXONOMY_ANALYSIS:SAMTOOLS_CONSENSUS_LITE (Samtools consensus on L231T008_S3_L001_4_cp) > jobId: 445; workDir: /export/home/agletdinov/work/git_projects/nextflow_projects/work/5e/423e2c56f6ed0a5253ef6ca450aa30
May-06 12:11:31.474 [Task submitter] INFO  nextflow.Session - [5e/423e2c] Submitted process > taxonomy_analysis:TAXONOMY_ANALYSIS:SAMTOOLS_CONSENSUS_LITE (Samtools consensus on L231T008_S3_L001_4_cp)
May-06 12:11:31.506 [Task submitter] DEBUG nextflow.executor.GridTaskHandler - [SLURM] submitted process taxonomy_analysis:TAXONOMY_ANALYSIS:SAMTOOLS_INDEX (Samtools index on L231T008_S3_L001_4_cp) > jobId: 446; workDir: /export/home/agletdinov/work/git_projects/nextflow_projects/work/11/eca03d5e4fd325bc5b8c4d86663e18
May-06 12:11:31.506 [Task submitter] INFO  nextflow.Session - [11/eca03d] Submitted process > taxonomy_analysis:TAXONOMY_ANALYSIS:SAMTOOLS_INDEX (Samtools index on L231T008_S3_L001_4_cp)
